[2025-06-06 11:42:40] [INFO] [main:89] Logging configured. Level: INFO. Log file: C:\Users\Saem1001\Documents\GitHub\OpenCV-Practice\output\run_20250606_114240\logs\d_scope_blink_inspection_20250606_114240.log
[2025-06-06 11:42:40] [INFO] [main:356] D-Scope Blink: Inspection System Started.
[2025-06-06 11:42:40] [INFO] [main:357] Input Directory: C:\Users\Saem1001\Documents\GitHub\OpenCV-Practice\samples
[2025-06-06 11:42:40] [INFO] [main:358] Output Directory (this run): C:\Users\Saem1001\Documents\GitHub\OpenCV-Practice\output\run_20250606_114240
[2025-06-06 11:42:40] [INFO] [main:359] Using Profile: fast_scan
[2025-06-06 11:42:40] [INFO] [main:360] Fiber Type Key for Rules: single_mode_pc
[2025-06-06 11:42:40] [WARNING] [calibration:254] Calibration file 'C:\Users\Saem1001\Documents\GitHub\OpenCV-Practice\calibration.json' not found.
[2025-06-06 11:42:40] [WARNING] [main:398] No calibration data loaded from 'C:\Users\Saem1001\Documents\GitHub\OpenCV-Practice\calibration.json'. Measurements may be in pixels if user dimensions not provided.
[2025-06-06 11:42:40] [INFO] [main:418] Found 1 images to process in 'C:\Users\Saem1001\Documents\GitHub\OpenCV-Practice\samples'.
[2025-06-06 11:42:40] [INFO] [main:425] --- Starting image 1/1: img63.jpg ---
[2025-06-06 11:42:40] [INFO] [main:118] --- Processing image: img63.jpg ---
[2025-06-06 11:42:40] [INFO] [main:122] Step 1: Loading and Preprocessing...
[2025-06-06 11:42:40] [INFO] [image_processing:229] Image 'img63.jpg' loaded successfully.
[2025-06-06 11:42:40] [INFO] [main:139] Step 2: Locating Fiber Structure...
[2025-06-06 11:42:40] [INFO] [image_processing:366] Attempting enhanced multi-method circle detection
[2025-06-06 11:42:40] [INFO] [image_processing:404] HoughCircles detected 1 circle(s).
[2025-06-06 11:42:40] [INFO] [image_processing:448] Cladding (Hough): Center=(585,424), Radius=143px
[2025-06-06 11:42:40] [WARNING] [image_processing:808] No core contours found using Otsu within cladding mask.
[2025-06-06 11:42:40] [WARNING] [image_processing:811] Core detection defaulting to 0.4 * cladding radius.
[2025-06-06 11:42:40] [INFO] [main:173] No µm/px scale available for img63.jpg. Measurements will be in pixels.
[2025-06-06 11:42:40] [INFO] [main:192] Detected diameters for img63.jpg:
[2025-06-06 11:42:40] [INFO] [main:193]   - Cladding diameter: 286.0 pixels
[2025-06-06 11:42:40] [INFO] [main:194]   - Core diameter: 114.4 pixels
[2025-06-06 11:42:40] [INFO] [main:201] Step 3: Generating Zone Masks...
[2025-06-06 11:42:40] [INFO] [main:236] Step 4: Detecting Defects in Zones...
[2025-06-06 11:42:40] [INFO] [main:258] Step 5: Analyzing Defects and Applying Rules...
[2025-06-06 11:42:40] [INFO] [analysis:76] Found 5 potential defect components from fused mask.
[2025-06-06 11:42:40] [INFO] [analysis:412] Pass/Fail Evaluation for 'single_mode_pc': Overall PASS.
[2025-06-06 11:42:40] [INFO] [main:281] Step 6: Generating Reports...
[2025-06-06 11:42:40] [INFO] [reporting:218] Annotated image saved successfully to 'C:\Users\Saem1001\Documents\GitHub\OpenCV-Practice\output\run_20250606_114240\img63\img63_annotated.png'.
[2025-06-06 11:42:40] [INFO] [reporting:275] Defect CSV report saved successfully to 'C:\Users\Saem1001\Documents\GitHub\OpenCV-Practice\output\run_20250606_114240\img63\img63_report.csv'.
[2025-06-06 11:42:41] [INFO] [reporting:400] Polar defect histogram saved successfully to 'C:\Users\Saem1001\Documents\GitHub\OpenCV-Practice\output\run_20250606_114240\img63\img63_histogram.png'.
[2025-06-06 11:42:41] [INFO] [main:295] --- Finished processing img63.jpg. Duration: 0.58s ---
[2025-06-06 11:42:41] [WARNING] [advanced_visualization:41] Napari not available. Skipping interactive visualization.
[2025-06-06 11:42:41] [INFO] [main:473] Batch summary report saved to: C:\Users\Saem1001\Documents\GitHub\OpenCV-Practice\output\run_20250606_114240\batch_summary_report.csv
[2025-06-06 11:42:41] [INFO] [main:480] --- D-Scope Blink: Batch Processing Complete ---
[2025-06-06 11:42:41] [INFO] [main:481] Total images processed: 1
[2025-06-06 11:42:41] [INFO] [main:482] Total batch duration: 0.58 seconds.
[2025-06-06 11:42:41] [INFO] [main:483] All reports for this run saved in: C:\Users\Saem1001\Documents\GitHub\OpenCV-Practice\output\run_20250606_114240
