[2025-06-10 11:50:15] [INFO] [main:125] Logging configured. Level: INFO. Log file: /home/jarvis/Documents/GitHub/OpenCV-Practice/output/run_20250610_115015/logs/inspection_20250610_115015.log
[2025-06-10 11:50:15] [INFO] [main:400] Inspection System Started.
[2025-06-10 11:50:15] [INFO] [main:401] Input Directory: /home/jarvis/Documents/GitHub/OpenCV-Practice/test_images
[2025-06-10 11:50:15] [INFO] [main:402] Output Directory (this run): /home/jarvis/Documents/GitHub/OpenCV-Practice/output/run_20250610_115015
[2025-06-10 11:50:15] [INFO] [main:403] Using Profile: deep_inspection
[2025-06-10 11:50:15] [INFO] [main:404] Fiber Type Key for Rules: single_mode_pc
[2025-06-10 11:50:15] [WARNING] [calibration:251] Calibration file '/home/jarvis/Documents/GitHub/OpenCV-Practice/calibration.json' not found.
[2025-06-10 11:50:15] [WARNING] [main:442] No calibration data loaded from '/home/jarvis/Documents/GitHub/OpenCV-Practice/calibration.json'. Measurements may be in pixels if user dimensions not provided.
[2025-06-10 11:50:15] [INFO] [main:462] Found 1 images to process in '/home/jarvis/Documents/GitHub/OpenCV-Practice/test_images'.
[2025-06-10 11:50:15] [INFO] [main:470] Initializing advanced detection models...
[2025-06-10 11:50:15] [INFO] [main:532] SegDecNet initialized
[2025-06-10 11:50:15] [INFO] [main:538] Advanced model initialization complete
[2025-06-10 11:50:15] [INFO] [main:595] Using sequential processing
[2025-06-10 11:50:15] [INFO] [main:598] --- Starting image 1/1: ima12.jpg ---
[2025-06-10 11:50:15] [INFO] [main:154] --- Processing image: ima12.jpg ---
[2025-06-10 11:50:15] [INFO] [main:159] Step 1: Loading and Preprocessing...
[2025-06-10 11:50:15] [INFO] [image_processing:340] Image 'ima12.jpg' loaded successfully.
[2025-06-10 11:50:15] [INFO] [main:176] Step 2: Locating Fiber Structure...
[2025-06-10 11:50:15] [INFO] [image_processing:448] Attempting enhanced multi-method circle detection
[2025-06-10 11:50:16] [INFO] [image_processing:489] HoughCircles detected 1 circle(s).
[2025-06-10 11:50:16] [INFO] [image_processing:533] Cladding (Hough): Center=(578,420), Radius=166px
[2025-06-10 11:50:16] [WARNING] [image_processing:899] No core contours found using Otsu within cladding mask.
[2025-06-10 11:50:16] [WARNING] [image_processing:902] Core detection defaulting to 0.4 * cladding radius.
[2025-06-10 11:50:16] [INFO] [main:210] No µm/px scale available for ima12.jpg. Measurements will be in pixels.
[2025-06-10 11:50:16] [INFO] [main:229] Detected diameters for ima12.jpg:
[2025-06-10 11:50:16] [INFO] [main:230]   - Cladding diameter: 332.0 pixels
[2025-06-10 11:50:16] [INFO] [main:231]   - Core diameter: 132.8 pixels
[2025-06-10 11:50:16] [INFO] [main:238] Step 3: Generating Zone Masks...
[2025-06-10 11:50:16] [INFO] [main:273] Step 4: Detecting Defects in Zones...
[2025-06-10 11:50:38] [ERROR] [advanced_scratch_detection:235] Error in hessian scratch detection at sigma=1.0: hessian_matrix_eigvals() takes 1 positional argument but 3 were given
Traceback (most recent call last):
  File "/home/jarvis/Documents/GitHub/OpenCV-Practice/advanced_scratch_detection.py", line 201, in _hessian_based_detection
    lambda1, lambda2 = hessian_matrix_eigvals(Hxx, Hxy, Hyy)
                       ^^^^^^^^^^^^^^^^^^^^^^^^^^^^^^^^^^^^^
TypeError: hessian_matrix_eigvals() takes 1 positional argument but 3 were given
[2025-06-10 11:50:38] [ERROR] [advanced_scratch_detection:235] Error in hessian scratch detection at sigma=1.5: hessian_matrix_eigvals() takes 1 positional argument but 3 were given
Traceback (most recent call last):
  File "/home/jarvis/Documents/GitHub/OpenCV-Practice/advanced_scratch_detection.py", line 201, in _hessian_based_detection
    lambda1, lambda2 = hessian_matrix_eigvals(Hxx, Hxy, Hyy)
                       ^^^^^^^^^^^^^^^^^^^^^^^^^^^^^^^^^^^^^
TypeError: hessian_matrix_eigvals() takes 1 positional argument but 3 were given
[2025-06-10 11:50:38] [ERROR] [advanced_scratch_detection:235] Error in hessian scratch detection at sigma=2.0: hessian_matrix_eigvals() takes 1 positional argument but 3 were given
Traceback (most recent call last):
  File "/home/jarvis/Documents/GitHub/OpenCV-Practice/advanced_scratch_detection.py", line 201, in _hessian_based_detection
    lambda1, lambda2 = hessian_matrix_eigvals(Hxx, Hxy, Hyy)
                       ^^^^^^^^^^^^^^^^^^^^^^^^^^^^^^^^^^^^^
TypeError: hessian_matrix_eigvals() takes 1 positional argument but 3 were given
[2025-06-10 11:51:21] [WARNING] [image_processing:1724] cv2.ximgproc.thinning not available (opencv-contrib-python needed). Skipping skeletonization.
[2025-06-10 11:51:21] [WARNING] [anomaly_detection:35] Anomalib not installed. Anomaly detection disabled.
[2025-06-10 11:51:21] [WARNING] [image_processing:1781] PaDiM model not available or not fitted
[2025-06-10 11:51:43] [ERROR] [advanced_scratch_detection:235] Error in hessian scratch detection at sigma=1.0: hessian_matrix_eigvals() takes 1 positional argument but 3 were given
Traceback (most recent call last):
  File "/home/jarvis/Documents/GitHub/OpenCV-Practice/advanced_scratch_detection.py", line 201, in _hessian_based_detection
    lambda1, lambda2 = hessian_matrix_eigvals(Hxx, Hxy, Hyy)
                       ^^^^^^^^^^^^^^^^^^^^^^^^^^^^^^^^^^^^^
TypeError: hessian_matrix_eigvals() takes 1 positional argument but 3 were given
[2025-06-10 11:51:43] [ERROR] [advanced_scratch_detection:235] Error in hessian scratch detection at sigma=1.5: hessian_matrix_eigvals() takes 1 positional argument but 3 were given
Traceback (most recent call last):
  File "/home/jarvis/Documents/GitHub/OpenCV-Practice/advanced_scratch_detection.py", line 201, in _hessian_based_detection
    lambda1, lambda2 = hessian_matrix_eigvals(Hxx, Hxy, Hyy)
                       ^^^^^^^^^^^^^^^^^^^^^^^^^^^^^^^^^^^^^
TypeError: hessian_matrix_eigvals() takes 1 positional argument but 3 were given
[2025-06-10 11:51:43] [ERROR] [advanced_scratch_detection:235] Error in hessian scratch detection at sigma=2.0: hessian_matrix_eigvals() takes 1 positional argument but 3 were given
Traceback (most recent call last):
  File "/home/jarvis/Documents/GitHub/OpenCV-Practice/advanced_scratch_detection.py", line 201, in _hessian_based_detection
    lambda1, lambda2 = hessian_matrix_eigvals(Hxx, Hxy, Hyy)
                       ^^^^^^^^^^^^^^^^^^^^^^^^^^^^^^^^^^^^^
TypeError: hessian_matrix_eigvals() takes 1 positional argument but 3 were given
[2025-06-10 11:52:28] [WARNING] [image_processing:1724] cv2.ximgproc.thinning not available (opencv-contrib-python needed). Skipping skeletonization.
[2025-06-10 11:52:28] [WARNING] [anomaly_detection:35] Anomalib not installed. Anomaly detection disabled.
[2025-06-10 11:52:28] [WARNING] [image_processing:1781] PaDiM model not available or not fitted
[2025-06-10 11:52:51] [ERROR] [advanced_scratch_detection:235] Error in hessian scratch detection at sigma=1.0: hessian_matrix_eigvals() takes 1 positional argument but 3 were given
Traceback (most recent call last):
  File "/home/jarvis/Documents/GitHub/OpenCV-Practice/advanced_scratch_detection.py", line 201, in _hessian_based_detection
    lambda1, lambda2 = hessian_matrix_eigvals(Hxx, Hxy, Hyy)
                       ^^^^^^^^^^^^^^^^^^^^^^^^^^^^^^^^^^^^^
TypeError: hessian_matrix_eigvals() takes 1 positional argument but 3 were given
[2025-06-10 11:52:51] [ERROR] [advanced_scratch_detection:235] Error in hessian scratch detection at sigma=1.5: hessian_matrix_eigvals() takes 1 positional argument but 3 were given
Traceback (most recent call last):
  File "/home/jarvis/Documents/GitHub/OpenCV-Practice/advanced_scratch_detection.py", line 201, in _hessian_based_detection
    lambda1, lambda2 = hessian_matrix_eigvals(Hxx, Hxy, Hyy)
                       ^^^^^^^^^^^^^^^^^^^^^^^^^^^^^^^^^^^^^
TypeError: hessian_matrix_eigvals() takes 1 positional argument but 3 were given
[2025-06-10 11:52:51] [ERROR] [advanced_scratch_detection:235] Error in hessian scratch detection at sigma=2.0: hessian_matrix_eigvals() takes 1 positional argument but 3 were given
Traceback (most recent call last):
  File "/home/jarvis/Documents/GitHub/OpenCV-Practice/advanced_scratch_detection.py", line 201, in _hessian_based_detection
    lambda1, lambda2 = hessian_matrix_eigvals(Hxx, Hxy, Hyy)
                       ^^^^^^^^^^^^^^^^^^^^^^^^^^^^^^^^^^^^^
TypeError: hessian_matrix_eigvals() takes 1 positional argument but 3 were given
[2025-06-10 11:53:35] [WARNING] [image_processing:1724] cv2.ximgproc.thinning not available (opencv-contrib-python needed). Skipping skeletonization.
[2025-06-10 11:53:35] [WARNING] [anomaly_detection:35] Anomalib not installed. Anomaly detection disabled.
[2025-06-10 11:53:35] [WARNING] [image_processing:1781] PaDiM model not available or not fitted
[2025-06-10 11:53:59] [ERROR] [advanced_scratch_detection:235] Error in hessian scratch detection at sigma=1.0: hessian_matrix_eigvals() takes 1 positional argument but 3 were given
Traceback (most recent call last):
  File "/home/jarvis/Documents/GitHub/OpenCV-Practice/advanced_scratch_detection.py", line 201, in _hessian_based_detection
    lambda1, lambda2 = hessian_matrix_eigvals(Hxx, Hxy, Hyy)
                       ^^^^^^^^^^^^^^^^^^^^^^^^^^^^^^^^^^^^^
TypeError: hessian_matrix_eigvals() takes 1 positional argument but 3 were given
[2025-06-10 11:53:59] [ERROR] [advanced_scratch_detection:235] Error in hessian scratch detection at sigma=1.5: hessian_matrix_eigvals() takes 1 positional argument but 3 were given
Traceback (most recent call last):
  File "/home/jarvis/Documents/GitHub/OpenCV-Practice/advanced_scratch_detection.py", line 201, in _hessian_based_detection
    lambda1, lambda2 = hessian_matrix_eigvals(Hxx, Hxy, Hyy)
                       ^^^^^^^^^^^^^^^^^^^^^^^^^^^^^^^^^^^^^
TypeError: hessian_matrix_eigvals() takes 1 positional argument but 3 were given
[2025-06-10 11:53:59] [ERROR] [advanced_scratch_detection:235] Error in hessian scratch detection at sigma=2.0: hessian_matrix_eigvals() takes 1 positional argument but 3 were given
Traceback (most recent call last):
  File "/home/jarvis/Documents/GitHub/OpenCV-Practice/advanced_scratch_detection.py", line 201, in _hessian_based_detection
    lambda1, lambda2 = hessian_matrix_eigvals(Hxx, Hxy, Hyy)
                       ^^^^^^^^^^^^^^^^^^^^^^^^^^^^^^^^^^^^^
TypeError: hessian_matrix_eigvals() takes 1 positional argument but 3 were given
[2025-06-10 11:54:45] [WARNING] [image_processing:1724] cv2.ximgproc.thinning not available (opencv-contrib-python needed). Skipping skeletonization.
[2025-06-10 11:54:45] [WARNING] [anomaly_detection:35] Anomalib not installed. Anomaly detection disabled.
[2025-06-10 11:54:45] [WARNING] [image_processing:1781] PaDiM model not available or not fitted
[2025-06-10 11:54:45] [INFO] [main:295] Step 5: Analyzing Defects and Applying Rules...
[2025-06-10 11:54:45] [INFO] [analysis:86] C++ accelerator characterized 1 defects.
[2025-06-10 11:54:45] [WARNING] [analysis:303] FAIL Rule (Pit/Dig Count): Zone 'Core', Count=1, Allowed=0
[2025-06-10 11:54:45] [WARNING] [analysis:350] Pass/Fail Evaluation for 'single_mode_pc': Overall FAIL. Reasons: Zone 'Core': Too many Pits/Digs (1 > 0).
[2025-06-10 11:54:45] [INFO] [main:318] Step 6: Generating Reports...
[2025-06-10 11:54:46] [INFO] [reporting:218] Annotated image saved successfully to '/home/jarvis/Documents/GitHub/OpenCV-Practice/output/run_20250610_115015/ima12/ima12_annotated.png'.
[2025-06-10 11:54:46] [INFO] [reporting:275] Defect CSV report saved successfully to '/home/jarvis/Documents/GitHub/OpenCV-Practice/output/run_20250610_115015/ima12/ima12_report.csv'.
[2025-06-10 11:54:47] [INFO] [reporting:400] Polar defect histogram saved successfully to '/home/jarvis/Documents/GitHub/OpenCV-Practice/output/run_20250610_115015/ima12/ima12_histogram.png'.
[2025-06-10 11:54:47] [INFO] [main:332] --- Finished processing ima12.jpg. Duration: 271.51s ---
[2025-06-10 11:54:47] [WARNING] [advanced_visualization:35] Napari not available. Skipping interactive visualization.
[2025-06-10 11:54:47] [INFO] [main:618] Batch summary report saved to: /home/jarvis/Documents/GitHub/OpenCV-Practice/output/run_20250610_115015/batch_summary_report.csv
[2025-06-10 11:54:47] [INFO] [main:625] Batch Processing Complete ---
[2025-06-10 11:54:47] [INFO] [main:626] Total images processed: 1
[2025-06-10 11:54:47] [INFO] [main:627] Total batch duration: 271.52 seconds.
[2025-06-10 11:54:47] [INFO] [main:628] All reports for this run saved in: /home/jarvis/Documents/GitHub/OpenCV-Practice/output/run_20250610_115015
