[2025-06-05 16:29:03] [INFO] [main:89] Logging configured. Level: INFO. Log file: C:\Users\Saem1001\Documents\GitHub\OpenCV-Practice\output\run_20250605_162903\logs\d_scope_blink_inspection_20250605_162903.log
[2025-06-05 16:29:03] [INFO] [main:329] D-Scope Blink: Inspection System Started.
[2025-06-05 16:29:03] [INFO] [main:330] Input Directory: C:\Users\Saem1001\Documents\GitHub\OpenCV-Practice\samples
[2025-06-05 16:29:03] [INFO] [main:331] Output Directory (this run): C:\Users\Saem1001\Documents\GitHub\OpenCV-Practice\output\run_20250605_162903
[2025-06-05 16:29:03] [INFO] [main:332] Using Profile: fast_scan
[2025-06-05 16:29:03] [INFO] [main:333] Fiber Type Key for Rules: single_mode_pc
[2025-06-05 16:29:03] [WARNING] [calibration:247] Calibration file 'C:\Users\Saem1001\Documents\GitHub\OpenCV-Practice\calibration.json' not found.
[2025-06-05 16:29:03] [WARNING] [main:354] No calibration data loaded from 'C:\Users\Saem1001\Documents\GitHub\OpenCV-Practice\calibration.json'. Measurements may be in pixels if user dimensions not provided.
[2025-06-05 16:29:03] [INFO] [main:374] Found 1 images to process in 'C:\Users\Saem1001\Documents\GitHub\OpenCV-Practice\samples'.
[2025-06-05 16:29:03] [INFO] [main:381] --- Starting image 1/1: img63.jpg ---
[2025-06-05 16:29:03] [INFO] [main:118] --- Processing image: img63.jpg ---
[2025-06-05 16:29:03] [INFO] [main:122] Step 1: Loading and Preprocessing...
[2025-06-05 16:29:03] [INFO] [image_processing:229] Image 'img63.jpg' loaded successfully.
[2025-06-05 16:29:03] [INFO] [main:139] Step 2: Locating Fiber Structure...
[2025-06-05 16:29:03] [INFO] [image_processing:337] Attempting enhanced multi-method circle detection
[2025-06-05 16:29:03] [INFO] [image_processing:382] HoughCircles detected 3 circle(s).
[2025-06-05 16:29:03] [INFO] [image_processing:426] Cladding (Hough): Center=(585,425), Radius=143px
[2025-06-05 16:29:03] [WARNING] [image_processing:759] No core contours found using Otsu within cladding mask.
[2025-06-05 16:29:03] [WARNING] [image_processing:762] Core detection defaulting to 0.4 * cladding radius.
[2025-06-05 16:29:03] [INFO] [main:173] No µm/px scale available for img63.jpg. Measurements will be in pixels.
[2025-06-05 16:29:03] [INFO] [main:177] Step 3: Generating Zone Masks...
[2025-06-05 16:29:03] [INFO] [main:209] Step 4: Detecting Defects in Zones...
[2025-06-05 16:29:03] [INFO] [main:231] Step 5: Analyzing Defects and Applying Rules...
[2025-06-05 16:29:03] [INFO] [analysis:76] Found 2 potential defect components from fused mask.
[2025-06-05 16:29:03] [INFO] [analysis:352] Pass/Fail Evaluation for 'single_mode_pc': Overall PASS.
[2025-06-05 16:29:03] [INFO] [main:254] Step 6: Generating Reports...
[2025-06-05 16:29:03] [INFO] [reporting:218] Annotated image saved successfully to 'C:\Users\Saem1001\Documents\GitHub\OpenCV-Practice\output\run_20250605_162903\img63\img63_annotated.png'.
[2025-06-05 16:29:03] [INFO] [reporting:275] Defect CSV report saved successfully to 'C:\Users\Saem1001\Documents\GitHub\OpenCV-Practice\output\run_20250605_162903\img63\img63_report.csv'.
[2025-06-05 16:29:04] [INFO] [reporting:400] Polar defect histogram saved successfully to 'C:\Users\Saem1001\Documents\GitHub\OpenCV-Practice\output\run_20250605_162903\img63\img63_histogram.png'.
[2025-06-05 16:29:04] [INFO] [main:268] --- Finished processing img63.jpg. Duration: 0.91s ---
[2025-06-05 16:29:04] [WARNING] [advanced_visualization:41] Napari not available. Skipping interactive visualization.
[2025-06-05 16:29:04] [INFO] [main:429] Batch summary report saved to: C:\Users\Saem1001\Documents\GitHub\OpenCV-Practice\output\run_20250605_162903\batch_summary_report.csv
[2025-06-05 16:29:04] [INFO] [main:436] --- D-Scope Blink: Batch Processing Complete ---
[2025-06-05 16:29:04] [INFO] [main:437] Total images processed: 1
[2025-06-05 16:29:04] [INFO] [main:438] Total batch duration: 0.91 seconds.
[2025-06-05 16:29:04] [INFO] [main:439] All reports for this run saved in: C:\Users\Saem1001\Documents\GitHub\OpenCV-Practice\output\run_20250605_162903
