[2025-06-10 17:10:26] [INFO] [main:204] Logging configured. Level: INFO. Log file: /home/jarvis/Documents/GitHub/OpenCV-Practice/output/run_20250610_171026/logs/inspection_20250610_171026.log
[2025-06-10 17:10:26] [INFO] [main:574] Inspection System Started.
[2025-06-10 17:10:26] [INFO] [main:575] Configuration loaded from: /home/jarvis/Documents/GitHub/OpenCV-Practice/config.json
[2025-06-10 17:10:26] [INFO] [main:576] Results will be saved to: /home/jarvis/Documents/GitHub/OpenCV-Practice/output/run_20250610_171026
[2025-06-10 17:10:26] [INFO] [main:584] Using processing profile: 'deep_inspection'
[2025-06-10 17:10:26] [INFO] [calibration:257] Calibration data loaded successfully from '/home/jarvis/Documents/GitHub/OpenCV-Practice/calibration.json'.
[2025-06-10 17:10:26] [INFO] [main:594] No calibration data; using default or user-provided scale factors.
[2025-06-10 17:10:26] [INFO] [main:600] Using fiber type rules: 'single_mode_pc'
[2025-06-10 17:10:26] [INFO] [main:630] Found 1 image(s) to process.
[2025-06-10 17:10:26] [INFO] [main:634] --- Starting Batch Processing ---
[2025-06-10 17:10:26] [INFO] [main:504] Using sequential processing
[2025-06-10 17:10:26] [INFO] [main:509] --- Starting image 1/1: ima12.jpg ---
[2025-06-10 17:10:26] [INFO] [main:221] --- Processing image: ima12.jpg ---
[2025-06-10 17:10:26] [INFO] [main:228] Step 1: Loading and Preprocessing...
[2025-06-10 17:10:26] [INFO] [image_processing:115] Image 'ima12.jpg' loaded successfully.
[2025-06-10 17:10:26] [INFO] [main:249] Step 2: Locating Fiber Structure...
[2025-06-10 17:10:26] [INFO] [image_processing:307] Attempting cladding detection using HoughCircles...
[2025-06-10 17:10:26] [INFO] [image_processing:327] Cladding (HoughCircles): Center=(514,376), Radius=143px
[2025-06-10 17:10:26] [INFO] [image_processing:391] Starting enhanced core detection...
[2025-06-10 17:10:26] [INFO] [image_processing:413] Core detected: Center=(514,376), Radius=42.0px
[2025-06-10 17:10:26] [INFO] [main:304] Step 3: Generating Zone Masks...
[2025-06-10 17:10:26] [INFO] [image_processing:483] Generated zone masks - Core radius: 47.3px, Cladding radius: 160.9px
[2025-06-10 17:10:26] [INFO] [main:339] Step 4: Detecting Defects...
[2025-06-10 17:10:30] [ERROR] [main:453] Error processing ima12.jpg: name 'localization_data' is not defined
[2025-06-10 17:10:30] [INFO] [main:647] Batch summary report saved to: /home/jarvis/Documents/GitHub/OpenCV-Practice/output/run_20250610_171026/batch_summary_report.csv
[2025-06-10 17:10:30] [INFO] [main:654] Batch Processing Complete ---
[2025-06-10 17:10:30] [INFO] [main:655] Total images processed: 1
[2025-06-10 17:10:30] [INFO] [main:656] Total batch duration: 4.41 seconds.
[2025-06-10 17:10:30] [INFO] [main:657] All reports for this run saved in: /home/jarvis/Documents/GitHub/OpenCV-Practice/output/run_20250610_171026
