[2025-06-06 16:30:14] [INFO] [main:89] Logging configured. Level: INFO. Log file: C:\Users\Saem1001\Documents\GitHub\OpenCV-Practice\output\run_20250606_163014\logs\d_scope_blink_inspection_20250606_163014.log
[2025-06-06 16:30:14] [INFO] [main:356] D-Scope Blink: Inspection System Started.
[2025-06-06 16:30:14] [INFO] [main:357] Input Directory: C:\Users\Saem1001\Documents\GitHub\OpenCV-Practice\samples2
[2025-06-06 16:30:14] [INFO] [main:358] Output Directory (this run): C:\Users\Saem1001\Documents\GitHub\OpenCV-Practice\output\run_20250606_163014
[2025-06-06 16:30:14] [INFO] [main:359] Using Profile: deep_inspection
[2025-06-06 16:30:14] [INFO] [main:360] Fiber Type Key for Rules: single_mode_pc
[2025-06-06 16:30:14] [WARNING] [calibration:254] Calibration file 'C:\Users\Saem1001\Documents\GitHub\OpenCV-Practice\calibration.json' not found.
[2025-06-06 16:30:14] [WARNING] [main:398] No calibration data loaded from 'C:\Users\Saem1001\Documents\GitHub\OpenCV-Practice\calibration.json'. Measurements may be in pixels if user dimensions not provided.
[2025-06-06 16:30:14] [INFO] [main:418] Found 6 images to process in 'C:\Users\Saem1001\Documents\GitHub\OpenCV-Practice\samples2'.
[2025-06-06 16:30:14] [INFO] [main:425] --- Starting image 1/6: ima12.jpg ---
[2025-06-06 16:30:14] [INFO] [main:118] --- Processing image: ima12.jpg ---
[2025-06-06 16:30:14] [INFO] [main:122] Step 1: Loading and Preprocessing...
[2025-06-06 16:30:14] [INFO] [image_processing:79] Image 'ima12.jpg' loaded successfully.
[2025-06-06 16:30:14] [INFO] [main:139] Step 2: Locating Fiber Structure...
[2025-06-06 16:30:14] [INFO] [image_processing:188] Attempting enhanced multi-method circle detection
[2025-06-06 16:30:14] [INFO] [image_processing:226] HoughCircles detected 1 circle(s).
[2025-06-06 16:30:14] [INFO] [image_processing:270] Cladding (Hough): Center=(578,420), Radius=166px
[2025-06-06 16:30:14] [WARNING] [image_processing:630] No core contours found using Otsu within cladding mask.
[2025-06-06 16:30:14] [WARNING] [image_processing:633] Core detection defaulting to 0.4 * cladding radius.
[2025-06-06 16:30:14] [INFO] [main:173] No µm/px scale available for ima12.jpg. Measurements will be in pixels.
[2025-06-06 16:30:14] [INFO] [main:192] Detected diameters for ima12.jpg:
[2025-06-06 16:30:14] [INFO] [main:193]   - Cladding diameter: 332.0 pixels
[2025-06-06 16:30:14] [INFO] [main:194]   - Core diameter: 132.8 pixels
[2025-06-06 16:30:14] [INFO] [main:201] Step 3: Generating Zone Masks...
[2025-06-06 16:30:14] [INFO] [main:236] Step 4: Detecting Defects in Zones...
[2025-06-06 16:30:25] [WARNING] [anomaly_detection:37] Anomalib not installed. Anomaly detection disabled.
[2025-06-06 16:30:37] [WARNING] [anomaly_detection:37] Anomalib not installed. Anomaly detection disabled.
[2025-06-06 16:30:47] [WARNING] [anomaly_detection:37] Anomalib not installed. Anomaly detection disabled.
[2025-06-06 16:31:00] [WARNING] [anomaly_detection:37] Anomalib not installed. Anomaly detection disabled.
[2025-06-06 16:31:00] [INFO] [main:258] Step 5: Analyzing Defects and Applying Rules...
[2025-06-06 16:31:00] [INFO] [analysis:96] Performing defect characterization using pure Python implementation.
[2025-06-06 16:31:00] [WARNING] [analysis:285] FAIL Rule (Pit/Dig Count): Zone 'Core', Count=1, Allowed=0
[2025-06-06 16:31:00] [WARNING] [analysis:332] Pass/Fail Evaluation for 'single_mode_pc': Overall FAIL. Reasons: Zone 'Core': Too many Pits/Digs (1 > 0).
[2025-06-06 16:31:00] [INFO] [main:281] Step 6: Generating Reports...
[2025-06-06 16:31:00] [INFO] [reporting:218] Annotated image saved successfully to 'C:\Users\Saem1001\Documents\GitHub\OpenCV-Practice\output\run_20250606_163014\ima12\ima12_annotated.png'.
[2025-06-06 16:31:00] [INFO] [reporting:275] Defect CSV report saved successfully to 'C:\Users\Saem1001\Documents\GitHub\OpenCV-Practice\output\run_20250606_163014\ima12\ima12_report.csv'.
[2025-06-06 16:31:00] [INFO] [reporting:400] Polar defect histogram saved successfully to 'C:\Users\Saem1001\Documents\GitHub\OpenCV-Practice\output\run_20250606_163014\ima12\ima12_histogram.png'.
[2025-06-06 16:31:00] [INFO] [main:295] --- Finished processing ima12.jpg. Duration: 46.13s ---
[2025-06-06 16:31:00] [WARNING] [advanced_visualization:41] Napari not available. Skipping interactive visualization.
[2025-06-06 16:31:00] [INFO] [main:425] --- Starting image 2/6: ima18.jpg ---
[2025-06-06 16:31:00] [INFO] [main:118] --- Processing image: ima18.jpg ---
[2025-06-06 16:31:00] [INFO] [main:122] Step 1: Loading and Preprocessing...
[2025-06-06 16:31:00] [INFO] [image_processing:79] Image 'ima18.jpg' loaded successfully.
[2025-06-06 16:31:00] [INFO] [main:139] Step 2: Locating Fiber Structure...
[2025-06-06 16:31:00] [INFO] [image_processing:188] Attempting enhanced multi-method circle detection
[2025-06-06 16:31:01] [INFO] [image_processing:226] HoughCircles detected 1 circle(s).
[2025-06-06 16:31:01] [INFO] [image_processing:270] Cladding (Hough): Center=(562,414), Radius=138px
[2025-06-06 16:31:01] [INFO] [image_processing:622] Core (ContourFit): Center=(562,414), Radius=124.0px
[2025-06-06 16:31:01] [INFO] [main:173] No µm/px scale available for ima18.jpg. Measurements will be in pixels.
[2025-06-06 16:31:01] [INFO] [main:192] Detected diameters for ima18.jpg:
[2025-06-06 16:31:01] [INFO] [main:193]   - Cladding diameter: 276.0 pixels
[2025-06-06 16:31:01] [INFO] [main:194]   - Core diameter: 248.0 pixels
[2025-06-06 16:31:01] [INFO] [main:201] Step 3: Generating Zone Masks...
[2025-06-06 16:31:01] [INFO] [main:236] Step 4: Detecting Defects in Zones...
[2025-06-06 16:31:15] [WARNING] [anomaly_detection:37] Anomalib not installed. Anomaly detection disabled.
[2025-06-06 16:31:25] [WARNING] [anomaly_detection:37] Anomalib not installed. Anomaly detection disabled.
[2025-06-06 16:31:35] [WARNING] [anomaly_detection:37] Anomalib not installed. Anomaly detection disabled.
[2025-06-06 16:31:45] [WARNING] [anomaly_detection:37] Anomalib not installed. Anomaly detection disabled.
[2025-06-06 16:31:45] [INFO] [main:258] Step 5: Analyzing Defects and Applying Rules...
[2025-06-06 16:31:45] [INFO] [analysis:96] Performing defect characterization using pure Python implementation.
[2025-06-06 16:31:45] [WARNING] [analysis:285] FAIL Rule (Pit/Dig Count): Zone 'Core', Count=1, Allowed=0
[2025-06-06 16:31:45] [WARNING] [analysis:332] Pass/Fail Evaluation for 'single_mode_pc': Overall FAIL. Reasons: Zone 'Core': Too many Pits/Digs (1 > 0).
[2025-06-06 16:31:45] [INFO] [main:281] Step 6: Generating Reports...
[2025-06-06 16:31:45] [INFO] [reporting:218] Annotated image saved successfully to 'C:\Users\Saem1001\Documents\GitHub\OpenCV-Practice\output\run_20250606_163014\ima18\ima18_annotated.png'.
[2025-06-06 16:31:45] [INFO] [reporting:275] Defect CSV report saved successfully to 'C:\Users\Saem1001\Documents\GitHub\OpenCV-Practice\output\run_20250606_163014\ima18\ima18_report.csv'.
[2025-06-06 16:31:46] [INFO] [reporting:400] Polar defect histogram saved successfully to 'C:\Users\Saem1001\Documents\GitHub\OpenCV-Practice\output\run_20250606_163014\ima18\ima18_histogram.png'.
[2025-06-06 16:31:46] [INFO] [main:295] --- Finished processing ima18.jpg. Duration: 45.13s ---
[2025-06-06 16:31:46] [WARNING] [advanced_visualization:41] Napari not available. Skipping interactive visualization.
[2025-06-06 16:31:46] [INFO] [main:425] --- Starting image 3/6: ima19.jpg ---
[2025-06-06 16:31:46] [INFO] [main:118] --- Processing image: ima19.jpg ---
[2025-06-06 16:31:46] [INFO] [main:122] Step 1: Loading and Preprocessing...
[2025-06-06 16:31:46] [INFO] [image_processing:79] Image 'ima19.jpg' loaded successfully.
[2025-06-06 16:31:46] [INFO] [main:139] Step 2: Locating Fiber Structure...
[2025-06-06 16:31:46] [INFO] [image_processing:188] Attempting enhanced multi-method circle detection
[2025-06-06 16:31:46] [INFO] [image_processing:226] HoughCircles detected 2 circle(s).
[2025-06-06 16:31:46] [INFO] [image_processing:270] Cladding (Hough): Center=(574,426), Radius=138px
[2025-06-06 16:31:46] [INFO] [image_processing:622] Core (ContourFit): Center=(574,426), Radius=124.0px
[2025-06-06 16:31:46] [INFO] [main:173] No µm/px scale available for ima19.jpg. Measurements will be in pixels.
[2025-06-06 16:31:46] [INFO] [main:192] Detected diameters for ima19.jpg:
[2025-06-06 16:31:46] [INFO] [main:193]   - Cladding diameter: 276.0 pixels
[2025-06-06 16:31:46] [INFO] [main:194]   - Core diameter: 248.0 pixels
[2025-06-06 16:31:46] [INFO] [main:201] Step 3: Generating Zone Masks...
[2025-06-06 16:31:46] [INFO] [main:236] Step 4: Detecting Defects in Zones...
[2025-06-06 16:31:56] [WARNING] [anomaly_detection:37] Anomalib not installed. Anomaly detection disabled.
[2025-06-06 16:32:06] [WARNING] [anomaly_detection:37] Anomalib not installed. Anomaly detection disabled.
[2025-06-06 16:32:16] [WARNING] [anomaly_detection:37] Anomalib not installed. Anomaly detection disabled.
[2025-06-06 16:32:26] [WARNING] [anomaly_detection:37] Anomalib not installed. Anomaly detection disabled.
[2025-06-06 16:32:26] [INFO] [main:258] Step 5: Analyzing Defects and Applying Rules...
[2025-06-06 16:32:26] [INFO] [analysis:96] Performing defect characterization using pure Python implementation.
[2025-06-06 16:32:26] [WARNING] [analysis:285] FAIL Rule (Pit/Dig Count): Zone 'Core', Count=1, Allowed=0
[2025-06-06 16:32:26] [WARNING] [analysis:332] Pass/Fail Evaluation for 'single_mode_pc': Overall FAIL. Reasons: Zone 'Core': Too many Pits/Digs (1 > 0).
[2025-06-06 16:32:26] [INFO] [main:281] Step 6: Generating Reports...
[2025-06-06 16:32:26] [INFO] [reporting:218] Annotated image saved successfully to 'C:\Users\Saem1001\Documents\GitHub\OpenCV-Practice\output\run_20250606_163014\ima19\ima19_annotated.png'.
[2025-06-06 16:32:26] [INFO] [reporting:275] Defect CSV report saved successfully to 'C:\Users\Saem1001\Documents\GitHub\OpenCV-Practice\output\run_20250606_163014\ima19\ima19_report.csv'.
[2025-06-06 16:32:26] [INFO] [reporting:400] Polar defect histogram saved successfully to 'C:\Users\Saem1001\Documents\GitHub\OpenCV-Practice\output\run_20250606_163014\ima19\ima19_histogram.png'.
[2025-06-06 16:32:26] [INFO] [main:295] --- Finished processing ima19.jpg. Duration: 40.62s ---
[2025-06-06 16:32:26] [WARNING] [advanced_visualization:41] Napari not available. Skipping interactive visualization.
[2025-06-06 16:32:26] [INFO] [main:425] --- Starting image 4/6: img35.jpg ---
[2025-06-06 16:32:26] [INFO] [main:118] --- Processing image: img35.jpg ---
[2025-06-06 16:32:26] [INFO] [main:122] Step 1: Loading and Preprocessing...
[2025-06-06 16:32:26] [INFO] [image_processing:79] Image 'img35.jpg' loaded successfully.
[2025-06-06 16:32:26] [INFO] [main:139] Step 2: Locating Fiber Structure...
[2025-06-06 16:32:26] [INFO] [image_processing:188] Attempting enhanced multi-method circle detection
[2025-06-06 16:32:26] [INFO] [image_processing:226] HoughCircles detected 1 circle(s).
[2025-06-06 16:32:26] [INFO] [image_processing:270] Cladding (Hough): Center=(582,416), Radius=141px
[2025-06-06 16:32:26] [WARNING] [image_processing:630] No core contours found using Otsu within cladding mask.
[2025-06-06 16:32:26] [WARNING] [image_processing:633] Core detection defaulting to 0.4 * cladding radius.
[2025-06-06 16:32:26] [INFO] [main:173] No µm/px scale available for img35.jpg. Measurements will be in pixels.
[2025-06-06 16:32:26] [INFO] [main:192] Detected diameters for img35.jpg:
[2025-06-06 16:32:26] [INFO] [main:193]   - Cladding diameter: 282.0 pixels
[2025-06-06 16:32:26] [INFO] [main:194]   - Core diameter: 112.8 pixels
[2025-06-06 16:32:26] [INFO] [main:201] Step 3: Generating Zone Masks...
[2025-06-06 16:32:26] [INFO] [main:236] Step 4: Detecting Defects in Zones...
[2025-06-06 16:32:36] [WARNING] [anomaly_detection:37] Anomalib not installed. Anomaly detection disabled.
[2025-06-06 16:32:47] [WARNING] [anomaly_detection:37] Anomalib not installed. Anomaly detection disabled.
[2025-06-06 16:32:57] [WARNING] [anomaly_detection:37] Anomalib not installed. Anomaly detection disabled.
[2025-06-06 16:33:07] [WARNING] [anomaly_detection:37] Anomalib not installed. Anomaly detection disabled.
[2025-06-06 16:33:07] [INFO] [main:258] Step 5: Analyzing Defects and Applying Rules...
[2025-06-06 16:33:07] [INFO] [analysis:96] Performing defect characterization using pure Python implementation.
[2025-06-06 16:33:07] [WARNING] [analysis:285] FAIL Rule (Pit/Dig Count): Zone 'Core', Count=1, Allowed=0
[2025-06-06 16:33:07] [WARNING] [analysis:285] FAIL Rule (Pit/Dig Count): Zone 'Cladding', Count=39, Allowed=5
[2025-06-06 16:33:07] [WARNING] [analysis:332] Pass/Fail Evaluation for 'single_mode_pc': Overall FAIL. Reasons: Zone 'Cladding': Too many Pits/Digs (39 > 5).; Zone 'Core': Too many Pits/Digs (1 > 0).
[2025-06-06 16:33:07] [INFO] [main:281] Step 6: Generating Reports...
[2025-06-06 16:33:07] [INFO] [reporting:218] Annotated image saved successfully to 'C:\Users\Saem1001\Documents\GitHub\OpenCV-Practice\output\run_20250606_163014\img35\img35_annotated.png'.
[2025-06-06 16:33:07] [INFO] [reporting:275] Defect CSV report saved successfully to 'C:\Users\Saem1001\Documents\GitHub\OpenCV-Practice\output\run_20250606_163014\img35\img35_report.csv'.
[2025-06-06 16:33:07] [INFO] [reporting:400] Polar defect histogram saved successfully to 'C:\Users\Saem1001\Documents\GitHub\OpenCV-Practice\output\run_20250606_163014\img35\img35_histogram.png'.
[2025-06-06 16:33:07] [INFO] [main:295] --- Finished processing img35.jpg. Duration: 40.90s ---
[2025-06-06 16:33:07] [WARNING] [advanced_visualization:41] Napari not available. Skipping interactive visualization.
[2025-06-06 16:33:07] [INFO] [main:425] --- Starting image 5/6: img38.jpg ---
[2025-06-06 16:33:07] [INFO] [main:118] --- Processing image: img38.jpg ---
[2025-06-06 16:33:07] [INFO] [main:122] Step 1: Loading and Preprocessing...
[2025-06-06 16:33:07] [INFO] [image_processing:79] Image 'img38.jpg' loaded successfully.
[2025-06-06 16:33:07] [INFO] [main:139] Step 2: Locating Fiber Structure...
[2025-06-06 16:33:07] [INFO] [image_processing:188] Attempting enhanced multi-method circle detection
[2025-06-06 16:33:07] [INFO] [image_processing:226] HoughCircles detected 1 circle(s).
[2025-06-06 16:33:07] [INFO] [image_processing:270] Cladding (Hough): Center=(566,420), Radius=143px
[2025-06-06 16:33:07] [WARNING] [image_processing:630] No core contours found using Otsu within cladding mask.
[2025-06-06 16:33:07] [WARNING] [image_processing:633] Core detection defaulting to 0.4 * cladding radius.
[2025-06-06 16:33:07] [INFO] [main:173] No µm/px scale available for img38.jpg. Measurements will be in pixels.
[2025-06-06 16:33:07] [INFO] [main:192] Detected diameters for img38.jpg:
[2025-06-06 16:33:07] [INFO] [main:193]   - Cladding diameter: 286.0 pixels
[2025-06-06 16:33:07] [INFO] [main:194]   - Core diameter: 114.4 pixels
[2025-06-06 16:33:07] [INFO] [main:201] Step 3: Generating Zone Masks...
[2025-06-06 16:33:07] [INFO] [main:236] Step 4: Detecting Defects in Zones...
[2025-06-06 16:33:17] [WARNING] [anomaly_detection:37] Anomalib not installed. Anomaly detection disabled.
[2025-06-06 16:33:28] [WARNING] [anomaly_detection:37] Anomalib not installed. Anomaly detection disabled.
[2025-06-06 16:33:38] [WARNING] [anomaly_detection:37] Anomalib not installed. Anomaly detection disabled.
[2025-06-06 16:33:48] [WARNING] [anomaly_detection:37] Anomalib not installed. Anomaly detection disabled.
[2025-06-06 16:33:48] [INFO] [main:258] Step 5: Analyzing Defects and Applying Rules...
[2025-06-06 16:33:48] [INFO] [analysis:96] Performing defect characterization using pure Python implementation.
[2025-06-06 16:33:49] [WARNING] [analysis:285] FAIL Rule (Pit/Dig Count): Zone 'Core', Count=1, Allowed=0
[2025-06-06 16:33:49] [WARNING] [analysis:285] FAIL Rule (Pit/Dig Count): Zone 'Cladding', Count=32, Allowed=5
[2025-06-06 16:33:49] [WARNING] [analysis:332] Pass/Fail Evaluation for 'single_mode_pc': Overall FAIL. Reasons: Zone 'Core': Too many Pits/Digs (1 > 0).; Zone 'Cladding': Too many Pits/Digs (32 > 5).
[2025-06-06 16:33:49] [INFO] [main:281] Step 6: Generating Reports...
[2025-06-06 16:33:49] [INFO] [reporting:218] Annotated image saved successfully to 'C:\Users\Saem1001\Documents\GitHub\OpenCV-Practice\output\run_20250606_163014\img38\img38_annotated.png'.
[2025-06-06 16:33:49] [INFO] [reporting:275] Defect CSV report saved successfully to 'C:\Users\Saem1001\Documents\GitHub\OpenCV-Practice\output\run_20250606_163014\img38\img38_report.csv'.
[2025-06-06 16:33:49] [INFO] [reporting:400] Polar defect histogram saved successfully to 'C:\Users\Saem1001\Documents\GitHub\OpenCV-Practice\output\run_20250606_163014\img38\img38_histogram.png'.
[2025-06-06 16:33:49] [INFO] [main:295] --- Finished processing img38.jpg. Duration: 41.68s ---
[2025-06-06 16:33:49] [WARNING] [advanced_visualization:41] Napari not available. Skipping interactive visualization.
[2025-06-06 16:33:49] [INFO] [main:425] --- Starting image 6/6: img63.jpg ---
[2025-06-06 16:33:49] [INFO] [main:118] --- Processing image: img63.jpg ---
[2025-06-06 16:33:49] [INFO] [main:122] Step 1: Loading and Preprocessing...
[2025-06-06 16:33:49] [INFO] [image_processing:79] Image 'img63.jpg' loaded successfully.
[2025-06-06 16:33:49] [INFO] [main:139] Step 2: Locating Fiber Structure...
[2025-06-06 16:33:49] [INFO] [image_processing:188] Attempting enhanced multi-method circle detection
[2025-06-06 16:33:49] [INFO] [image_processing:226] HoughCircles detected 1 circle(s).
[2025-06-06 16:33:49] [INFO] [image_processing:270] Cladding (Hough): Center=(584,424), Radius=144px
[2025-06-06 16:33:49] [WARNING] [image_processing:630] No core contours found using Otsu within cladding mask.
[2025-06-06 16:33:49] [WARNING] [image_processing:633] Core detection defaulting to 0.4 * cladding radius.
[2025-06-06 16:33:49] [INFO] [main:173] No µm/px scale available for img63.jpg. Measurements will be in pixels.
[2025-06-06 16:33:49] [INFO] [main:192] Detected diameters for img63.jpg:
[2025-06-06 16:33:49] [INFO] [main:193]   - Cladding diameter: 288.0 pixels
[2025-06-06 16:33:49] [INFO] [main:194]   - Core diameter: 115.2 pixels
[2025-06-06 16:33:49] [INFO] [main:201] Step 3: Generating Zone Masks...
[2025-06-06 16:33:49] [INFO] [main:236] Step 4: Detecting Defects in Zones...
[2025-06-06 16:34:00] [WARNING] [anomaly_detection:37] Anomalib not installed. Anomaly detection disabled.
[2025-06-06 16:34:10] [WARNING] [anomaly_detection:37] Anomalib not installed. Anomaly detection disabled.
[2025-06-06 16:34:21] [WARNING] [anomaly_detection:37] Anomalib not installed. Anomaly detection disabled.
[2025-06-06 16:34:32] [WARNING] [anomaly_detection:37] Anomalib not installed. Anomaly detection disabled.
[2025-06-06 16:34:32] [INFO] [main:258] Step 5: Analyzing Defects and Applying Rules...
[2025-06-06 16:34:32] [INFO] [analysis:96] Performing defect characterization using pure Python implementation.
[2025-06-06 16:34:32] [WARNING] [analysis:285] FAIL Rule (Pit/Dig Count): Zone 'Core', Count=1, Allowed=0
[2025-06-06 16:34:32] [WARNING] [analysis:285] FAIL Rule (Pit/Dig Count): Zone 'Cladding', Count=38, Allowed=5
[2025-06-06 16:34:32] [WARNING] [analysis:332] Pass/Fail Evaluation for 'single_mode_pc': Overall FAIL. Reasons: Zone 'Core': Too many Pits/Digs (1 > 0).; Zone 'Cladding': Too many Pits/Digs (38 > 5).
[2025-06-06 16:34:32] [INFO] [main:281] Step 6: Generating Reports...
[2025-06-06 16:34:32] [INFO] [reporting:218] Annotated image saved successfully to 'C:\Users\Saem1001\Documents\GitHub\OpenCV-Practice\output\run_20250606_163014\img63\img63_annotated.png'.
[2025-06-06 16:34:32] [INFO] [reporting:275] Defect CSV report saved successfully to 'C:\Users\Saem1001\Documents\GitHub\OpenCV-Practice\output\run_20250606_163014\img63\img63_report.csv'.
[2025-06-06 16:34:32] [INFO] [reporting:400] Polar defect histogram saved successfully to 'C:\Users\Saem1001\Documents\GitHub\OpenCV-Practice\output\run_20250606_163014\img63\img63_histogram.png'.
[2025-06-06 16:34:32] [INFO] [main:295] --- Finished processing img63.jpg. Duration: 43.38s ---
[2025-06-06 16:34:32] [WARNING] [advanced_visualization:41] Napari not available. Skipping interactive visualization.
[2025-06-06 16:34:32] [INFO] [main:473] Batch summary report saved to: C:\Users\Saem1001\Documents\GitHub\OpenCV-Practice\output\run_20250606_163014\batch_summary_report.csv
[2025-06-06 16:34:32] [INFO] [main:480] --- D-Scope Blink: Batch Processing Complete ---
[2025-06-06 16:34:32] [INFO] [main:481] Total images processed: 6
[2025-06-06 16:34:32] [INFO] [main:482] Total batch duration: 257.86 seconds.
[2025-06-06 16:34:32] [INFO] [main:483] All reports for this run saved in: C:\Users\Saem1001\Documents\GitHub\OpenCV-Practice\output\run_20250606_163014
