[2025-06-06 16:59:09] [INFO] [main:89] Logging configured. Level: INFO. Log file: C:\Users\Saem1001\Documents\GitHub\OpenCV-Practice\output\run_20250606_165909\logs\d_scope_blink_inspection_20250606_165909.log
[2025-06-06 16:59:09] [INFO] [main:356] D-Scope Blink: Inspection System Started.
[2025-06-06 16:59:09] [INFO] [main:357] Input Directory: C:\Users\Saem1001\Desktop\Dimension Scope images\50 um core
[2025-06-06 16:59:09] [INFO] [main:358] Output Directory (this run): C:\Users\Saem1001\Documents\GitHub\OpenCV-Practice\output\run_20250606_165909
[2025-06-06 16:59:09] [INFO] [main:359] Using Profile: deep_inspection
[2025-06-06 16:59:09] [INFO] [main:360] Fiber Type Key for Rules: single_mode_pc
[2025-06-06 16:59:09] [WARNING] [calibration:254] Calibration file 'C:\Users\Saem1001\Documents\GitHub\OpenCV-Practice\calibration.json' not found.
[2025-06-06 16:59:09] [WARNING] [main:398] No calibration data loaded from 'C:\Users\Saem1001\Documents\GitHub\OpenCV-Practice\calibration.json'. Measurements may be in pixels if user dimensions not provided.
[2025-06-06 16:59:09] [INFO] [main:418] Found 74 images to process in 'C:\Users\Saem1001\Desktop\Dimension Scope images\50 um core'.
[2025-06-06 16:59:09] [INFO] [main:425] --- Starting image 1/74: 19700101000416-j65532FT35.jpg ---
[2025-06-06 16:59:09] [INFO] [main:118] --- Processing image: 19700101000416-j65532FT35.jpg ---
[2025-06-06 16:59:09] [INFO] [main:122] Step 1: Loading and Preprocessing...
[2025-06-06 16:59:09] [INFO] [image_processing:79] Image '19700101000416-j65532FT35.jpg' loaded successfully.
[2025-06-06 16:59:09] [INFO] [main:139] Step 2: Locating Fiber Structure...
[2025-06-06 16:59:09] [INFO] [image_processing:188] Attempting enhanced multi-method circle detection
[2025-06-06 16:59:09] [INFO] [image_processing:226] HoughCircles detected 1 circle(s).
[2025-06-06 16:59:09] [INFO] [image_processing:270] Cladding (Hough): Center=(602,344), Radius=145px
[2025-06-06 16:59:09] [WARNING] [image_processing:630] No core contours found using Otsu within cladding mask.
[2025-06-06 16:59:09] [WARNING] [image_processing:633] Core detection defaulting to 0.4 * cladding radius.
[2025-06-06 16:59:09] [INFO] [main:173] No µm/px scale available for 19700101000416-j65532FT35.jpg. Measurements will be in pixels.
[2025-06-06 16:59:09] [INFO] [main:192] Detected diameters for 19700101000416-j65532FT35.jpg:
[2025-06-06 16:59:09] [INFO] [main:193]   - Cladding diameter: 290.0 pixels
[2025-06-06 16:59:09] [INFO] [main:194]   - Core diameter: 116.0 pixels
[2025-06-06 16:59:09] [INFO] [main:201] Step 3: Generating Zone Masks...
[2025-06-06 16:59:09] [INFO] [main:236] Step 4: Detecting Defects in Zones...
[2025-06-06 16:59:20] [INFO] [anomaly_detection:59] No anomaly model path provided; anomaly detection will be skipped.
[2025-06-06 16:59:33] [INFO] [anomaly_detection:59] No anomaly model path provided; anomaly detection will be skipped.
[2025-06-06 16:59:45] [INFO] [anomaly_detection:59] No anomaly model path provided; anomaly detection will be skipped.
[2025-06-06 16:59:58] [INFO] [anomaly_detection:59] No anomaly model path provided; anomaly detection will be skipped.
[2025-06-06 16:59:58] [INFO] [main:258] Step 5: Analyzing Defects and Applying Rules...
[2025-06-06 16:59:58] [INFO] [analysis:96] Performing defect characterization using pure Python implementation.
[2025-06-06 16:59:58] [WARNING] [analysis:285] FAIL Rule (Pit/Dig Count): Zone 'Core', Count=1, Allowed=0
[2025-06-06 16:59:58] [WARNING] [analysis:285] FAIL Rule (Pit/Dig Count): Zone 'Cladding', Count=25, Allowed=5
[2025-06-06 16:59:58] [WARNING] [analysis:332] Pass/Fail Evaluation for 'single_mode_pc': Overall FAIL. Reasons: Zone 'Cladding': Too many Pits/Digs (25 > 5).; Zone 'Core': Too many Pits/Digs (1 > 0).
[2025-06-06 16:59:58] [INFO] [main:281] Step 6: Generating Reports...
[2025-06-06 16:59:59] [INFO] [reporting:218] Annotated image saved successfully to 'C:\Users\Saem1001\Documents\GitHub\OpenCV-Practice\output\run_20250606_165909\19700101000416-j65532FT35\19700101000416-j65532FT35_annotated.png'.
[2025-06-06 16:59:59] [INFO] [reporting:275] Defect CSV report saved successfully to 'C:\Users\Saem1001\Documents\GitHub\OpenCV-Practice\output\run_20250606_165909\19700101000416-j65532FT35\19700101000416-j65532FT35_report.csv'.
[2025-06-06 16:59:59] [INFO] [reporting:400] Polar defect histogram saved successfully to 'C:\Users\Saem1001\Documents\GitHub\OpenCV-Practice\output\run_20250606_165909\19700101000416-j65532FT35\19700101000416-j65532FT35_histogram.png'.
[2025-06-06 16:59:59] [INFO] [main:295] --- Finished processing 19700101000416-j65532FT35.jpg. Duration: 50.14s ---
[2025-06-06 16:59:59] [WARNING] [advanced_visualization:41] Napari not available. Skipping interactive visualization.
[2025-06-06 16:59:59] [INFO] [main:425] --- Starting image 2/74: 19700101000617-J65531FT25.jpg ---
[2025-06-06 16:59:59] [INFO] [main:118] --- Processing image: 19700101000617-J65531FT25.jpg ---
[2025-06-06 16:59:59] [INFO] [main:122] Step 1: Loading and Preprocessing...
[2025-06-06 16:59:59] [INFO] [image_processing:79] Image '19700101000617-J65531FT25.jpg' loaded successfully.
[2025-06-06 16:59:59] [INFO] [main:139] Step 2: Locating Fiber Structure...
[2025-06-06 17:00:00] [INFO] [image_processing:188] Attempting enhanced multi-method circle detection
[2025-06-06 17:00:00] [INFO] [image_processing:226] HoughCircles detected 42 circle(s).
[2025-06-06 17:00:00] [INFO] [image_processing:270] Cladding (Hough): Center=(546,494), Radius=246px
[2025-06-06 17:00:00] [WARNING] [image_processing:624] Could not identify a distinct core contour within the cladding using current criteria.
[2025-06-06 17:00:00] [WARNING] [image_processing:628] Core detection failed, defaulting to 0.4 * cladding radius.
[2025-06-06 17:00:00] [INFO] [main:173] No µm/px scale available for 19700101000617-J65531FT25.jpg. Measurements will be in pixels.
[2025-06-06 17:00:00] [INFO] [main:192] Detected diameters for 19700101000617-J65531FT25.jpg:
[2025-06-06 17:00:00] [INFO] [main:193]   - Cladding diameter: 492.0 pixels
[2025-06-06 17:00:00] [INFO] [main:194]   - Core diameter: 196.8 pixels
[2025-06-06 17:00:00] [INFO] [main:201] Step 3: Generating Zone Masks...
[2025-06-06 17:00:00] [INFO] [main:236] Step 4: Detecting Defects in Zones...
[2025-06-06 17:00:14] [INFO] [anomaly_detection:59] No anomaly model path provided; anomaly detection will be skipped.
