[2025-06-05 21:39:06] [INFO] [main:89] Logging configured. Level: INFO. Log file: /home/jarvis/Documents/GitHub/OpenCV-Practice/output/run_20250605_213906/logs/d_scope_blink_inspection_20250605_213906.log
[2025-06-05 21:39:06] [INFO] [main:352] D-Scope Blink: Inspection System Started.
[2025-06-05 21:39:06] [INFO] [main:353] Input Directory: /home/jarvis/Documents/GitHub/OpenCV-Practice/samples
[2025-06-05 21:39:06] [INFO] [main:354] Output Directory (this run): /home/jarvis/Documents/GitHub/OpenCV-Practice/output/run_20250605_213906
[2025-06-05 21:39:06] [INFO] [main:355] Using Profile: deep_inspection
[2025-06-05 21:39:06] [INFO] [main:356] Fiber Type Key for Rules: single_mode_pc
[2025-06-05 21:39:06] [WARNING] [calibration:247] Calibration file '/home/jarvis/Documents/GitHub/OpenCV-Practice/calibration.json' not found.
[2025-06-05 21:39:06] [WARNING] [main:389] No calibration data loaded from '/home/jarvis/Documents/GitHub/OpenCV-Practice/calibration.json'. Measurements may be in pixels if user dimensions not provided.
[2025-06-05 21:39:06] [INFO] [main:409] Found 1 images to process in '/home/jarvis/Documents/GitHub/OpenCV-Practice/samples'.
[2025-06-05 21:39:06] [INFO] [main:416] --- Starting image 1/1: img63.jpg ---
[2025-06-05 21:39:06] [INFO] [main:118] --- Processing image: img63.jpg ---
[2025-06-05 21:39:06] [INFO] [main:122] Step 1: Loading and Preprocessing...
[2025-06-05 21:39:06] [INFO] [image_processing:229] Image 'img63.jpg' loaded successfully.
[2025-06-05 21:39:06] [INFO] [main:139] Step 2: Locating Fiber Structure...
[2025-06-05 21:39:06] [INFO] [image_processing:338] Attempting enhanced multi-method circle detection
[2025-06-05 21:39:06] [INFO] [image_processing:376] HoughCircles detected 1 circle(s).
[2025-06-05 21:39:06] [INFO] [image_processing:420] Cladding (Hough): Center=(584,424), Radius=139px
[2025-06-05 21:39:06] [WARNING] [image_processing:780] No core contours found using Otsu within cladding mask.
[2025-06-05 21:39:06] [WARNING] [image_processing:783] Core detection defaulting to 0.4 * cladding radius.
[2025-06-05 21:39:06] [INFO] [main:173] No µm/px scale available for img63.jpg. Measurements will be in pixels.
[2025-06-05 21:39:06] [INFO] [main:192] Detected diameters for img63.jpg:
[2025-06-05 21:39:06] [INFO] [main:193]   - Cladding diameter: 278.0 pixels
[2025-06-05 21:39:06] [INFO] [main:194]   - Core diameter: 111.2 pixels
[2025-06-05 21:39:06] [INFO] [main:200] Step 3: Generating Zone Masks...
[2025-06-05 21:39:06] [INFO] [main:232] Step 4: Detecting Defects in Zones...
[2025-06-05 21:39:07] [ERROR] [main:446] Unexpected error processing img63.jpg: name 'working_image' is not defined
Traceback (most recent call last):
  File "/home/jarvis/Documents/GitHub/OpenCV-Practice/main.py", line 421, in execute_inspection_run
    summary = process_single_image( # Process single image.
              ^^^^^^^^^^^^^^^^^^^^^^^^^^^^^^^^^^^^^^^^^^^^^
  File "/home/jarvis/Documents/GitHub/OpenCV-Practice/main.py", line 246, in process_single_image
    defects_in_zone_mask, zone_confidence_map = detect_defects(
                                                ^^^^^^^^^^^^^^^
  File "/home/jarvis/Documents/GitHub/OpenCV-Practice/image_processing.py", line 1389, in detect_defects
    lbp = local_binary_pattern(working_image, n_points, radius, method='uniform')
                               ^^^^^^^^^^^^^
NameError: name 'working_image' is not defined
[2025-06-05 21:39:07] [INFO] [main:464] Batch summary report saved to: /home/jarvis/Documents/GitHub/OpenCV-Practice/output/run_20250605_213906/batch_summary_report.csv
[2025-06-05 21:39:07] [INFO] [main:471] --- D-Scope Blink: Batch Processing Complete ---
[2025-06-05 21:39:07] [INFO] [main:472] Total images processed: 1
[2025-06-05 21:39:07] [INFO] [main:473] Total batch duration: 1.20 seconds.
[2025-06-05 21:39:07] [INFO] [main:474] All reports for this run saved in: /home/jarvis/Documents/GitHub/OpenCV-Practice/output/run_20250605_213906
