[2025-06-06 16:36:53] [INFO] [main:89] Logging configured. Level: INFO. Log file: C:\Users\Saem1001\Documents\GitHub\OpenCV-Practice\output\run_20250606_163653\logs\d_scope_blink_inspection_20250606_163653.log
[2025-06-06 16:36:53] [INFO] [main:356] D-Scope Blink: Inspection System Started.
[2025-06-06 16:36:53] [INFO] [main:357] Input Directory: C:\Users\Saem1001\Desktop\Dimension Scope images\91 um core
[2025-06-06 16:36:53] [INFO] [main:358] Output Directory (this run): C:\Users\Saem1001\Documents\GitHub\OpenCV-Practice\output\run_20250606_163653
[2025-06-06 16:36:53] [INFO] [main:359] Using Profile: deep_inspection
[2025-06-06 16:36:53] [INFO] [main:360] Fiber Type Key for Rules: single_mode_pc
[2025-06-06 16:36:53] [WARNING] [calibration:254] Calibration file 'C:\Users\Saem1001\Documents\GitHub\OpenCV-Practice\calibration.json' not found.
[2025-06-06 16:36:53] [WARNING] [main:398] No calibration data loaded from 'C:\Users\Saem1001\Documents\GitHub\OpenCV-Practice\calibration.json'. Measurements may be in pixels if user dimensions not provided.
[2025-06-06 16:36:53] [INFO] [main:418] Found 21 images to process in 'C:\Users\Saem1001\Desktop\Dimension Scope images\91 um core'.
[2025-06-06 16:36:53] [INFO] [main:425] --- Starting image 1/21: 19700101000654-J65548-FT49.jpg ---
[2025-06-06 16:36:53] [INFO] [main:118] --- Processing image: 19700101000654-J65548-FT49.jpg ---
[2025-06-06 16:36:53] [INFO] [main:122] Step 1: Loading and Preprocessing...
[2025-06-06 16:36:53] [INFO] [image_processing:79] Image '19700101000654-J65548-FT49.jpg' loaded successfully.
[2025-06-06 16:36:53] [INFO] [main:139] Step 2: Locating Fiber Structure...
[2025-06-06 16:36:53] [INFO] [image_processing:188] Attempting enhanced multi-method circle detection
[2025-06-06 16:36:53] [INFO] [image_processing:226] HoughCircles detected 52 circle(s).
[2025-06-06 16:36:53] [INFO] [image_processing:270] Cladding (Hough): Center=(606,414), Radius=160px
[2025-06-06 16:36:53] [WARNING] [image_processing:630] No core contours found using Otsu within cladding mask.
[2025-06-06 16:36:53] [WARNING] [image_processing:633] Core detection defaulting to 0.4 * cladding radius.
[2025-06-06 16:36:53] [INFO] [main:173] No µm/px scale available for 19700101000654-J65548-FT49.jpg. Measurements will be in pixels.
[2025-06-06 16:36:53] [INFO] [main:192] Detected diameters for 19700101000654-J65548-FT49.jpg:
[2025-06-06 16:36:53] [INFO] [main:193]   - Cladding diameter: 320.0 pixels
[2025-06-06 16:36:53] [INFO] [main:194]   - Core diameter: 128.0 pixels
[2025-06-06 16:36:53] [INFO] [main:201] Step 3: Generating Zone Masks...
[2025-06-06 16:36:53] [INFO] [main:236] Step 4: Detecting Defects in Zones...
[2025-06-06 16:37:03] [WARNING] [anomaly_detection:37] Anomalib not installed. Anomaly detection disabled.
[2025-06-06 16:37:15] [WARNING] [anomaly_detection:37] Anomalib not installed. Anomaly detection disabled.
[2025-06-06 16:37:28] [WARNING] [anomaly_detection:37] Anomalib not installed. Anomaly detection disabled.
[2025-06-06 16:37:41] [WARNING] [anomaly_detection:37] Anomalib not installed. Anomaly detection disabled.
[2025-06-06 16:37:41] [INFO] [main:258] Step 5: Analyzing Defects and Applying Rules...
[2025-06-06 16:37:41] [INFO] [analysis:96] Performing defect characterization using pure Python implementation.
[2025-06-06 16:37:42] [WARNING] [analysis:285] FAIL Rule (Pit/Dig Count): Zone 'Core', Count=1, Allowed=0
[2025-06-06 16:37:42] [WARNING] [analysis:285] FAIL Rule (Pit/Dig Count): Zone 'Cladding', Count=37, Allowed=5
[2025-06-06 16:37:42] [WARNING] [analysis:332] Pass/Fail Evaluation for 'single_mode_pc': Overall FAIL. Reasons: Zone 'Core': Too many Pits/Digs (1 > 0).; Zone 'Cladding': Too many Pits/Digs (37 > 5).
[2025-06-06 16:37:42] [INFO] [main:281] Step 6: Generating Reports...
[2025-06-06 16:37:42] [INFO] [reporting:218] Annotated image saved successfully to 'C:\Users\Saem1001\Documents\GitHub\OpenCV-Practice\output\run_20250606_163653\19700101000654-J65548-FT49\19700101000654-J65548-FT49_annotated.png'.
[2025-06-06 16:37:42] [INFO] [reporting:275] Defect CSV report saved successfully to 'C:\Users\Saem1001\Documents\GitHub\OpenCV-Practice\output\run_20250606_163653\19700101000654-J65548-FT49\19700101000654-J65548-FT49_report.csv'.
[2025-06-06 16:37:42] [INFO] [reporting:400] Polar defect histogram saved successfully to 'C:\Users\Saem1001\Documents\GitHub\OpenCV-Practice\output\run_20250606_163653\19700101000654-J65548-FT49\19700101000654-J65548-FT49_histogram.png'.
[2025-06-06 16:37:42] [INFO] [main:295] --- Finished processing 19700101000654-J65548-FT49.jpg. Duration: 49.13s ---
[2025-06-06 16:37:42] [WARNING] [advanced_visualization:41] Napari not available. Skipping interactive visualization.
[2025-06-06 16:37:42] [INFO] [main:425] --- Starting image 2/21: 19700101000835-J65539-FT53.jpg ---
[2025-06-06 16:37:42] [INFO] [main:118] --- Processing image: 19700101000835-J65539-FT53.jpg ---
[2025-06-06 16:37:42] [INFO] [main:122] Step 1: Loading and Preprocessing...
[2025-06-06 16:37:42] [INFO] [image_processing:79] Image '19700101000835-J65539-FT53.jpg' loaded successfully.
[2025-06-06 16:37:42] [INFO] [main:139] Step 2: Locating Fiber Structure...
[2025-06-06 16:37:42] [INFO] [image_processing:188] Attempting enhanced multi-method circle detection
[2025-06-06 16:37:42] [INFO] [image_processing:226] HoughCircles detected 2 circle(s).
[2025-06-06 16:37:42] [INFO] [image_processing:270] Cladding (Hough): Center=(594,424), Radius=166px
[2025-06-06 16:37:42] [WARNING] [image_processing:630] No core contours found using Otsu within cladding mask.
[2025-06-06 16:37:42] [WARNING] [image_processing:633] Core detection defaulting to 0.4 * cladding radius.
[2025-06-06 16:37:42] [INFO] [main:173] No µm/px scale available for 19700101000835-J65539-FT53.jpg. Measurements will be in pixels.
[2025-06-06 16:37:42] [INFO] [main:192] Detected diameters for 19700101000835-J65539-FT53.jpg:
[2025-06-06 16:37:42] [INFO] [main:193]   - Cladding diameter: 332.0 pixels
[2025-06-06 16:37:42] [INFO] [main:194]   - Core diameter: 132.8 pixels
[2025-06-06 16:37:42] [INFO] [main:201] Step 3: Generating Zone Masks...
[2025-06-06 16:37:42] [INFO] [main:236] Step 4: Detecting Defects in Zones...
[2025-06-06 16:37:55] [WARNING] [anomaly_detection:37] Anomalib not installed. Anomaly detection disabled.
[2025-06-06 16:38:07] [WARNING] [anomaly_detection:37] Anomalib not installed. Anomaly detection disabled.
[2025-06-06 16:38:20] [WARNING] [anomaly_detection:37] Anomalib not installed. Anomaly detection disabled.
[2025-06-06 16:38:32] [WARNING] [anomaly_detection:37] Anomalib not installed. Anomaly detection disabled.
[2025-06-06 16:38:32] [INFO] [main:258] Step 5: Analyzing Defects and Applying Rules...
[2025-06-06 16:38:32] [INFO] [analysis:96] Performing defect characterization using pure Python implementation.
[2025-06-06 16:38:32] [WARNING] [analysis:285] FAIL Rule (Pit/Dig Count): Zone 'Core', Count=1, Allowed=0
[2025-06-06 16:38:32] [WARNING] [analysis:285] FAIL Rule (Pit/Dig Count): Zone 'Cladding', Count=42, Allowed=5
[2025-06-06 16:38:32] [WARNING] [analysis:332] Pass/Fail Evaluation for 'single_mode_pc': Overall FAIL. Reasons: Zone 'Core': Too many Pits/Digs (1 > 0).; Zone 'Cladding': Too many Pits/Digs (42 > 5).
[2025-06-06 16:38:32] [INFO] [main:281] Step 6: Generating Reports...
[2025-06-06 16:38:32] [INFO] [reporting:218] Annotated image saved successfully to 'C:\Users\Saem1001\Documents\GitHub\OpenCV-Practice\output\run_20250606_163653\19700101000835-J65539-FT53\19700101000835-J65539-FT53_annotated.png'.
[2025-06-06 16:38:32] [INFO] [reporting:275] Defect CSV report saved successfully to 'C:\Users\Saem1001\Documents\GitHub\OpenCV-Practice\output\run_20250606_163653\19700101000835-J65539-FT53\19700101000835-J65539-FT53_report.csv'.
[2025-06-06 16:38:32] [INFO] [reporting:400] Polar defect histogram saved successfully to 'C:\Users\Saem1001\Documents\GitHub\OpenCV-Practice\output\run_20250606_163653\19700101000835-J65539-FT53\19700101000835-J65539-FT53_histogram.png'.
[2025-06-06 16:38:32] [INFO] [main:295] --- Finished processing 19700101000835-J65539-FT53.jpg. Duration: 50.10s ---
[2025-06-06 16:38:32] [WARNING] [advanced_visualization:41] Napari not available. Skipping interactive visualization.
[2025-06-06 16:38:32] [INFO] [main:425] --- Starting image 3/21: 19700101000835-J65539-FTSPARE.jpg ---
[2025-06-06 16:38:32] [INFO] [main:118] --- Processing image: 19700101000835-J65539-FTSPARE.jpg ---
[2025-06-06 16:38:32] [INFO] [main:122] Step 1: Loading and Preprocessing...
[2025-06-06 16:38:32] [INFO] [image_processing:79] Image '19700101000835-J65539-FTSPARE.jpg' loaded successfully.
[2025-06-06 16:38:32] [INFO] [main:139] Step 2: Locating Fiber Structure...
[2025-06-06 16:38:32] [INFO] [image_processing:188] Attempting enhanced multi-method circle detection
[2025-06-06 16:38:32] [INFO] [image_processing:226] HoughCircles detected 2 circle(s).
[2025-06-06 16:38:32] [INFO] [image_processing:270] Cladding (Hough): Center=(594,424), Radius=166px
[2025-06-06 16:38:32] [WARNING] [image_processing:630] No core contours found using Otsu within cladding mask.
[2025-06-06 16:38:32] [WARNING] [image_processing:633] Core detection defaulting to 0.4 * cladding radius.
[2025-06-06 16:38:32] [INFO] [main:173] No µm/px scale available for 19700101000835-J65539-FTSPARE.jpg. Measurements will be in pixels.
[2025-06-06 16:38:32] [INFO] [main:192] Detected diameters for 19700101000835-J65539-FTSPARE.jpg:
[2025-06-06 16:38:32] [INFO] [main:193]   - Cladding diameter: 332.0 pixels
[2025-06-06 16:38:32] [INFO] [main:194]   - Core diameter: 132.8 pixels
[2025-06-06 16:38:32] [INFO] [main:201] Step 3: Generating Zone Masks...
[2025-06-06 16:38:32] [INFO] [main:236] Step 4: Detecting Defects in Zones...
[2025-06-06 16:38:44] [WARNING] [anomaly_detection:37] Anomalib not installed. Anomaly detection disabled.
[2025-06-06 16:38:56] [WARNING] [anomaly_detection:37] Anomalib not installed. Anomaly detection disabled.
[2025-06-06 16:39:09] [WARNING] [anomaly_detection:37] Anomalib not installed. Anomaly detection disabled.
[2025-06-06 16:39:21] [WARNING] [anomaly_detection:37] Anomalib not installed. Anomaly detection disabled.
[2025-06-06 16:39:21] [INFO] [main:258] Step 5: Analyzing Defects and Applying Rules...
[2025-06-06 16:39:21] [INFO] [analysis:96] Performing defect characterization using pure Python implementation.
[2025-06-06 16:39:21] [WARNING] [analysis:285] FAIL Rule (Pit/Dig Count): Zone 'Core', Count=1, Allowed=0
[2025-06-06 16:39:21] [WARNING] [analysis:285] FAIL Rule (Pit/Dig Count): Zone 'Cladding', Count=42, Allowed=5
[2025-06-06 16:39:21] [WARNING] [analysis:332] Pass/Fail Evaluation for 'single_mode_pc': Overall FAIL. Reasons: Zone 'Core': Too many Pits/Digs (1 > 0).; Zone 'Cladding': Too many Pits/Digs (42 > 5).
[2025-06-06 16:39:21] [INFO] [main:281] Step 6: Generating Reports...
[2025-06-06 16:39:21] [INFO] [reporting:218] Annotated image saved successfully to 'C:\Users\Saem1001\Documents\GitHub\OpenCV-Practice\output\run_20250606_163653\19700101000835-J65539-FTSPARE\19700101000835-J65539-FTSPARE_annotated.png'.
[2025-06-06 16:39:21] [INFO] [reporting:275] Defect CSV report saved successfully to 'C:\Users\Saem1001\Documents\GitHub\OpenCV-Practice\output\run_20250606_163653\19700101000835-J65539-FTSPARE\19700101000835-J65539-FTSPARE_report.csv'.
[2025-06-06 16:39:21] [INFO] [reporting:400] Polar defect histogram saved successfully to 'C:\Users\Saem1001\Documents\GitHub\OpenCV-Practice\output\run_20250606_163653\19700101000835-J65539-FTSPARE\19700101000835-J65539-FTSPARE_histogram.png'.
[2025-06-06 16:39:21] [INFO] [main:295] --- Finished processing 19700101000835-J65539-FTSPARE.jpg. Duration: 49.06s ---
[2025-06-06 16:39:21] [WARNING] [advanced_visualization:41] Napari not available. Skipping interactive visualization.
[2025-06-06 16:39:21] [INFO] [main:425] --- Starting image 4/21: 19700101000906-J65548-FT50.jpg ---
[2025-06-06 16:39:21] [INFO] [main:118] --- Processing image: 19700101000906-J65548-FT50.jpg ---
[2025-06-06 16:39:21] [INFO] [main:122] Step 1: Loading and Preprocessing...
[2025-06-06 16:39:21] [INFO] [image_processing:79] Image '19700101000906-J65548-FT50.jpg' loaded successfully.
[2025-06-06 16:39:21] [INFO] [main:139] Step 2: Locating Fiber Structure...
[2025-06-06 16:39:21] [INFO] [image_processing:188] Attempting enhanced multi-method circle detection
[2025-06-06 16:39:21] [INFO] [image_processing:226] HoughCircles detected 1 circle(s).
[2025-06-06 16:39:21] [INFO] [image_processing:270] Cladding (Hough): Center=(598,430), Radius=165px
[2025-06-06 16:39:21] [WARNING] [image_processing:630] No core contours found using Otsu within cladding mask.
[2025-06-06 16:39:21] [WARNING] [image_processing:633] Core detection defaulting to 0.4 * cladding radius.
[2025-06-06 16:39:21] [INFO] [main:173] No µm/px scale available for 19700101000906-J65548-FT50.jpg. Measurements will be in pixels.
[2025-06-06 16:39:21] [INFO] [main:192] Detected diameters for 19700101000906-J65548-FT50.jpg:
[2025-06-06 16:39:21] [INFO] [main:193]   - Cladding diameter: 330.0 pixels
[2025-06-06 16:39:21] [INFO] [main:194]   - Core diameter: 132.0 pixels
[2025-06-06 16:39:21] [INFO] [main:201] Step 3: Generating Zone Masks...
[2025-06-06 16:39:21] [INFO] [main:236] Step 4: Detecting Defects in Zones...
[2025-06-06 16:39:34] [WARNING] [anomaly_detection:37] Anomalib not installed. Anomaly detection disabled.
[2025-06-06 16:39:46] [WARNING] [anomaly_detection:37] Anomalib not installed. Anomaly detection disabled.
[2025-06-06 16:39:59] [WARNING] [anomaly_detection:37] Anomalib not installed. Anomaly detection disabled.
[2025-06-06 16:40:12] [WARNING] [anomaly_detection:37] Anomalib not installed. Anomaly detection disabled.
[2025-06-06 16:40:12] [INFO] [main:258] Step 5: Analyzing Defects and Applying Rules...
[2025-06-06 16:40:12] [INFO] [analysis:96] Performing defect characterization using pure Python implementation.
[2025-06-06 16:40:12] [WARNING] [analysis:285] FAIL Rule (Pit/Dig Count): Zone 'Core', Count=1, Allowed=0
[2025-06-06 16:40:12] [WARNING] [analysis:332] Pass/Fail Evaluation for 'single_mode_pc': Overall FAIL. Reasons: Zone 'Core': Too many Pits/Digs (1 > 0).
[2025-06-06 16:40:12] [INFO] [main:281] Step 6: Generating Reports...
[2025-06-06 16:40:12] [INFO] [reporting:218] Annotated image saved successfully to 'C:\Users\Saem1001\Documents\GitHub\OpenCV-Practice\output\run_20250606_163653\19700101000906-J65548-FT50\19700101000906-J65548-FT50_annotated.png'.
[2025-06-06 16:40:12] [INFO] [reporting:275] Defect CSV report saved successfully to 'C:\Users\Saem1001\Documents\GitHub\OpenCV-Practice\output\run_20250606_163653\19700101000906-J65548-FT50\19700101000906-J65548-FT50_report.csv'.
[2025-06-06 16:40:12] [INFO] [reporting:400] Polar defect histogram saved successfully to 'C:\Users\Saem1001\Documents\GitHub\OpenCV-Practice\output\run_20250606_163653\19700101000906-J65548-FT50\19700101000906-J65548-FT50_histogram.png'.
[2025-06-06 16:40:12] [INFO] [main:295] --- Finished processing 19700101000906-J65548-FT50.jpg. Duration: 50.77s ---
[2025-06-06 16:40:12] [WARNING] [advanced_visualization:41] Napari not available. Skipping interactive visualization.
[2025-06-06 16:40:12] [INFO] [main:425] --- Starting image 5/21: 19700101001118-J65539-FT55.jpg ---
[2025-06-06 16:40:12] [INFO] [main:118] --- Processing image: 19700101001118-J65539-FT55.jpg ---
[2025-06-06 16:40:12] [INFO] [main:122] Step 1: Loading and Preprocessing...
[2025-06-06 16:40:12] [INFO] [image_processing:79] Image '19700101001118-J65539-FT55.jpg' loaded successfully.
[2025-06-06 16:40:12] [INFO] [main:139] Step 2: Locating Fiber Structure...
[2025-06-06 16:40:12] [INFO] [image_processing:188] Attempting enhanced multi-method circle detection
[2025-06-06 16:40:12] [INFO] [image_processing:226] HoughCircles detected 1 circle(s).
[2025-06-06 16:40:12] [INFO] [image_processing:270] Cladding (Hough): Center=(592,418), Radius=157px
[2025-06-06 16:40:12] [WARNING] [image_processing:630] No core contours found using Otsu within cladding mask.
[2025-06-06 16:40:12] [WARNING] [image_processing:633] Core detection defaulting to 0.4 * cladding radius.
[2025-06-06 16:40:12] [INFO] [main:173] No µm/px scale available for 19700101001118-J65539-FT55.jpg. Measurements will be in pixels.
[2025-06-06 16:40:12] [INFO] [main:192] Detected diameters for 19700101001118-J65539-FT55.jpg:
[2025-06-06 16:40:12] [INFO] [main:193]   - Cladding diameter: 314.0 pixels
[2025-06-06 16:40:12] [INFO] [main:194]   - Core diameter: 125.6 pixels
[2025-06-06 16:40:12] [INFO] [main:201] Step 3: Generating Zone Masks...
[2025-06-06 16:40:12] [INFO] [main:236] Step 4: Detecting Defects in Zones...
[2025-06-06 16:40:24] [WARNING] [anomaly_detection:37] Anomalib not installed. Anomaly detection disabled.
[2025-06-06 16:40:35] [WARNING] [anomaly_detection:37] Anomalib not installed. Anomaly detection disabled.
[2025-06-06 16:40:45] [WARNING] [anomaly_detection:37] Anomalib not installed. Anomaly detection disabled.
[2025-06-06 16:40:56] [WARNING] [anomaly_detection:37] Anomalib not installed. Anomaly detection disabled.
[2025-06-06 16:40:56] [INFO] [main:258] Step 5: Analyzing Defects and Applying Rules...
[2025-06-06 16:40:56] [INFO] [analysis:96] Performing defect characterization using pure Python implementation.
[2025-06-06 16:40:56] [WARNING] [analysis:285] FAIL Rule (Pit/Dig Count): Zone 'Core', Count=1, Allowed=0
[2025-06-06 16:40:56] [WARNING] [analysis:285] FAIL Rule (Pit/Dig Count): Zone 'Cladding', Count=60, Allowed=5
[2025-06-06 16:40:56] [WARNING] [analysis:332] Pass/Fail Evaluation for 'single_mode_pc': Overall FAIL. Reasons: Zone 'Core': Too many Pits/Digs (1 > 0).; Zone 'Cladding': Too many Pits/Digs (60 > 5).
[2025-06-06 16:40:56] [INFO] [main:281] Step 6: Generating Reports...
[2025-06-06 16:40:56] [INFO] [reporting:218] Annotated image saved successfully to 'C:\Users\Saem1001\Documents\GitHub\OpenCV-Practice\output\run_20250606_163653\19700101001118-J65539-FT55\19700101001118-J65539-FT55_annotated.png'.
[2025-06-06 16:40:56] [INFO] [reporting:275] Defect CSV report saved successfully to 'C:\Users\Saem1001\Documents\GitHub\OpenCV-Practice\output\run_20250606_163653\19700101001118-J65539-FT55\19700101001118-J65539-FT55_report.csv'.
[2025-06-06 16:40:56] [INFO] [reporting:400] Polar defect histogram saved successfully to 'C:\Users\Saem1001\Documents\GitHub\OpenCV-Practice\output\run_20250606_163653\19700101001118-J65539-FT55\19700101001118-J65539-FT55_histogram.png'.
[2025-06-06 16:40:56] [INFO] [main:295] --- Finished processing 19700101001118-J65539-FT55.jpg. Duration: 44.46s ---
[2025-06-06 16:40:56] [WARNING] [advanced_visualization:41] Napari not available. Skipping interactive visualization.
[2025-06-06 16:40:56] [INFO] [main:425] --- Starting image 6/21: 19700101001136-J65548-FT51.jpg ---
[2025-06-06 16:40:56] [INFO] [main:118] --- Processing image: 19700101001136-J65548-FT51.jpg ---
[2025-06-06 16:40:56] [INFO] [main:122] Step 1: Loading and Preprocessing...
[2025-06-06 16:40:56] [INFO] [image_processing:79] Image '19700101001136-J65548-FT51.jpg' loaded successfully.
[2025-06-06 16:40:56] [INFO] [main:139] Step 2: Locating Fiber Structure...
[2025-06-06 16:40:56] [INFO] [image_processing:188] Attempting enhanced multi-method circle detection
[2025-06-06 16:40:57] [INFO] [image_processing:226] HoughCircles detected 1 circle(s).
[2025-06-06 16:40:57] [INFO] [image_processing:270] Cladding (Hough): Center=(600,430), Radius=163px
[2025-06-06 16:40:57] [WARNING] [image_processing:630] No core contours found using Otsu within cladding mask.
[2025-06-06 16:40:57] [WARNING] [image_processing:633] Core detection defaulting to 0.4 * cladding radius.
[2025-06-06 16:40:57] [INFO] [main:173] No µm/px scale available for 19700101001136-J65548-FT51.jpg. Measurements will be in pixels.
[2025-06-06 16:40:57] [INFO] [main:192] Detected diameters for 19700101001136-J65548-FT51.jpg:
[2025-06-06 16:40:57] [INFO] [main:193]   - Cladding diameter: 326.0 pixels
[2025-06-06 16:40:57] [INFO] [main:194]   - Core diameter: 130.4 pixels
[2025-06-06 16:40:57] [INFO] [main:201] Step 3: Generating Zone Masks...
[2025-06-06 16:40:57] [INFO] [main:236] Step 4: Detecting Defects in Zones...
[2025-06-06 16:41:08] [WARNING] [anomaly_detection:37] Anomalib not installed. Anomaly detection disabled.
[2025-06-06 16:41:19] [WARNING] [anomaly_detection:37] Anomalib not installed. Anomaly detection disabled.
[2025-06-06 16:41:31] [WARNING] [anomaly_detection:37] Anomalib not installed. Anomaly detection disabled.
[2025-06-06 16:41:44] [WARNING] [anomaly_detection:37] Anomalib not installed. Anomaly detection disabled.
[2025-06-06 16:41:44] [INFO] [main:258] Step 5: Analyzing Defects and Applying Rules...
[2025-06-06 16:41:44] [INFO] [analysis:96] Performing defect characterization using pure Python implementation.
[2025-06-06 16:41:44] [WARNING] [analysis:285] FAIL Rule (Pit/Dig Count): Zone 'Core', Count=2, Allowed=0
[2025-06-06 16:41:44] [WARNING] [analysis:285] FAIL Rule (Pit/Dig Count): Zone 'Cladding', Count=95, Allowed=5
[2025-06-06 16:41:44] [WARNING] [analysis:332] Pass/Fail Evaluation for 'single_mode_pc': Overall FAIL. Reasons: Zone 'Core': Too many Pits/Digs (2 > 0).; Zone 'Cladding': Too many Pits/Digs (95 > 5).
[2025-06-06 16:41:44] [INFO] [main:281] Step 6: Generating Reports...
[2025-06-06 16:41:44] [INFO] [reporting:218] Annotated image saved successfully to 'C:\Users\Saem1001\Documents\GitHub\OpenCV-Practice\output\run_20250606_163653\19700101001136-J65548-FT51\19700101001136-J65548-FT51_annotated.png'.
[2025-06-06 16:41:44] [INFO] [reporting:275] Defect CSV report saved successfully to 'C:\Users\Saem1001\Documents\GitHub\OpenCV-Practice\output\run_20250606_163653\19700101001136-J65548-FT51\19700101001136-J65548-FT51_report.csv'.
[2025-06-06 16:41:44] [INFO] [reporting:400] Polar defect histogram saved successfully to 'C:\Users\Saem1001\Documents\GitHub\OpenCV-Practice\output\run_20250606_163653\19700101001136-J65548-FT51\19700101001136-J65548-FT51_histogram.png'.
[2025-06-06 16:41:44] [INFO] [main:295] --- Finished processing 19700101001136-J65548-FT51.jpg. Duration: 47.91s ---
[2025-06-06 16:41:44] [WARNING] [advanced_visualization:41] Napari not available. Skipping interactive visualization.
[2025-06-06 16:41:44] [INFO] [main:425] --- Starting image 7/21: 19700101001249-J65539-FT54.jpg ---
[2025-06-06 16:41:44] [INFO] [main:118] --- Processing image: 19700101001249-J65539-FT54.jpg ---
[2025-06-06 16:41:44] [INFO] [main:122] Step 1: Loading and Preprocessing...
[2025-06-06 16:41:44] [INFO] [image_processing:79] Image '19700101001249-J65539-FT54.jpg' loaded successfully.
[2025-06-06 16:41:44] [INFO] [main:139] Step 2: Locating Fiber Structure...
[2025-06-06 16:41:44] [INFO] [image_processing:188] Attempting enhanced multi-method circle detection
[2025-06-06 16:41:45] [INFO] [image_processing:226] HoughCircles detected 1 circle(s).
[2025-06-06 16:41:45] [INFO] [image_processing:270] Cladding (Hough): Center=(590,434), Radius=171px
[2025-06-06 16:41:45] [WARNING] [image_processing:630] No core contours found using Otsu within cladding mask.
[2025-06-06 16:41:45] [WARNING] [image_processing:633] Core detection defaulting to 0.4 * cladding radius.
[2025-06-06 16:41:45] [INFO] [main:173] No µm/px scale available for 19700101001249-J65539-FT54.jpg. Measurements will be in pixels.
[2025-06-06 16:41:45] [INFO] [main:192] Detected diameters for 19700101001249-J65539-FT54.jpg:
[2025-06-06 16:41:45] [INFO] [main:193]   - Cladding diameter: 342.0 pixels
[2025-06-06 16:41:45] [INFO] [main:194]   - Core diameter: 136.8 pixels
[2025-06-06 16:41:45] [INFO] [main:201] Step 3: Generating Zone Masks...
[2025-06-06 16:41:45] [INFO] [main:236] Step 4: Detecting Defects in Zones...
[2025-06-06 16:41:57] [WARNING] [anomaly_detection:37] Anomalib not installed. Anomaly detection disabled.
[2025-06-06 16:42:09] [WARNING] [anomaly_detection:37] Anomalib not installed. Anomaly detection disabled.
[2025-06-06 16:42:20] [WARNING] [anomaly_detection:37] Anomalib not installed. Anomaly detection disabled.
[2025-06-06 16:42:32] [WARNING] [anomaly_detection:37] Anomalib not installed. Anomaly detection disabled.
[2025-06-06 16:42:32] [INFO] [main:258] Step 5: Analyzing Defects and Applying Rules...
[2025-06-06 16:42:32] [INFO] [analysis:96] Performing defect characterization using pure Python implementation.
[2025-06-06 16:42:32] [WARNING] [analysis:285] FAIL Rule (Pit/Dig Count): Zone 'Core', Count=1, Allowed=0
[2025-06-06 16:42:32] [WARNING] [analysis:332] Pass/Fail Evaluation for 'single_mode_pc': Overall FAIL. Reasons: Zone 'Core': Too many Pits/Digs (1 > 0).
[2025-06-06 16:42:32] [INFO] [main:281] Step 6: Generating Reports...
[2025-06-06 16:42:32] [INFO] [reporting:218] Annotated image saved successfully to 'C:\Users\Saem1001\Documents\GitHub\OpenCV-Practice\output\run_20250606_163653\19700101001249-J65539-FT54\19700101001249-J65539-FT54_annotated.png'.
[2025-06-06 16:42:32] [INFO] [reporting:275] Defect CSV report saved successfully to 'C:\Users\Saem1001\Documents\GitHub\OpenCV-Practice\output\run_20250606_163653\19700101001249-J65539-FT54\19700101001249-J65539-FT54_report.csv'.
[2025-06-06 16:42:32] [INFO] [reporting:400] Polar defect histogram saved successfully to 'C:\Users\Saem1001\Documents\GitHub\OpenCV-Practice\output\run_20250606_163653\19700101001249-J65539-FT54\19700101001249-J65539-FT54_histogram.png'.
[2025-06-06 16:42:32] [INFO] [main:295] --- Finished processing 19700101001249-J65539-FT54.jpg. Duration: 47.77s ---
[2025-06-06 16:42:32] [WARNING] [advanced_visualization:41] Napari not available. Skipping interactive visualization.
[2025-06-06 16:42:32] [INFO] [main:425] --- Starting image 8/21: 19700101001420-J65548-FT52.jpg ---
[2025-06-06 16:42:32] [INFO] [main:118] --- Processing image: 19700101001420-J65548-FT52.jpg ---
[2025-06-06 16:42:32] [INFO] [main:122] Step 1: Loading and Preprocessing...
[2025-06-06 16:42:32] [INFO] [image_processing:79] Image '19700101001420-J65548-FT52.jpg' loaded successfully.
[2025-06-06 16:42:32] [INFO] [main:139] Step 2: Locating Fiber Structure...
[2025-06-06 16:42:32] [INFO] [image_processing:188] Attempting enhanced multi-method circle detection
[2025-06-06 16:42:32] [INFO] [image_processing:226] HoughCircles detected 1 circle(s).
[2025-06-06 16:42:32] [INFO] [image_processing:270] Cladding (Hough): Center=(604,420), Radius=159px
[2025-06-06 16:42:32] [WARNING] [image_processing:630] No core contours found using Otsu within cladding mask.
[2025-06-06 16:42:32] [WARNING] [image_processing:633] Core detection defaulting to 0.4 * cladding radius.
[2025-06-06 16:42:32] [INFO] [main:173] No µm/px scale available for 19700101001420-J65548-FT52.jpg. Measurements will be in pixels.
[2025-06-06 16:42:32] [INFO] [main:192] Detected diameters for 19700101001420-J65548-FT52.jpg:
[2025-06-06 16:42:32] [INFO] [main:193]   - Cladding diameter: 318.0 pixels
[2025-06-06 16:42:32] [INFO] [main:194]   - Core diameter: 127.2 pixels
[2025-06-06 16:42:32] [INFO] [main:201] Step 3: Generating Zone Masks...
[2025-06-06 16:42:32] [INFO] [main:236] Step 4: Detecting Defects in Zones...
[2025-06-06 16:42:43] [WARNING] [anomaly_detection:37] Anomalib not installed. Anomaly detection disabled.
[2025-06-06 16:42:55] [WARNING] [anomaly_detection:37] Anomalib not installed. Anomaly detection disabled.
[2025-06-06 16:43:08] [WARNING] [anomaly_detection:37] Anomalib not installed. Anomaly detection disabled.
[2025-06-06 16:43:22] [WARNING] [anomaly_detection:37] Anomalib not installed. Anomaly detection disabled.
[2025-06-06 16:43:22] [INFO] [main:258] Step 5: Analyzing Defects and Applying Rules...
[2025-06-06 16:43:22] [INFO] [analysis:96] Performing defect characterization using pure Python implementation.
[2025-06-06 16:43:22] [WARNING] [analysis:285] FAIL Rule (Pit/Dig Count): Zone 'Core', Count=1, Allowed=0
[2025-06-06 16:43:22] [WARNING] [analysis:285] FAIL Rule (Pit/Dig Count): Zone 'Cladding', Count=39, Allowed=5
[2025-06-06 16:43:22] [WARNING] [analysis:332] Pass/Fail Evaluation for 'single_mode_pc': Overall FAIL. Reasons: Zone 'Core': Too many Pits/Digs (1 > 0).; Zone 'Cladding': Too many Pits/Digs (39 > 5).
[2025-06-06 16:43:22] [INFO] [main:281] Step 6: Generating Reports...
[2025-06-06 16:43:22] [INFO] [reporting:218] Annotated image saved successfully to 'C:\Users\Saem1001\Documents\GitHub\OpenCV-Practice\output\run_20250606_163653\19700101001420-J65548-FT52\19700101001420-J65548-FT52_annotated.png'.
[2025-06-06 16:43:22] [INFO] [reporting:275] Defect CSV report saved successfully to 'C:\Users\Saem1001\Documents\GitHub\OpenCV-Practice\output\run_20250606_163653\19700101001420-J65548-FT52\19700101001420-J65548-FT52_report.csv'.
[2025-06-06 16:43:22] [INFO] [reporting:400] Polar defect histogram saved successfully to 'C:\Users\Saem1001\Documents\GitHub\OpenCV-Practice\output\run_20250606_163653\19700101001420-J65548-FT52\19700101001420-J65548-FT52_histogram.png'.
[2025-06-06 16:43:22] [INFO] [main:295] --- Finished processing 19700101001420-J65548-FT52.jpg. Duration: 50.15s ---
[2025-06-06 16:43:22] [WARNING] [advanced_visualization:41] Napari not available. Skipping interactive visualization.
[2025-06-06 16:43:22] [INFO] [main:425] --- Starting image 9/21: 19700101001628-J65535FT20.jpg ---
[2025-06-06 16:43:22] [INFO] [main:118] --- Processing image: 19700101001628-J65535FT20.jpg ---
[2025-06-06 16:43:22] [INFO] [main:122] Step 1: Loading and Preprocessing...
[2025-06-06 16:43:22] [INFO] [image_processing:79] Image '19700101001628-J65535FT20.jpg' loaded successfully.
[2025-06-06 16:43:22] [INFO] [main:139] Step 2: Locating Fiber Structure...
[2025-06-06 16:43:22] [INFO] [image_processing:188] Attempting enhanced multi-method circle detection
[2025-06-06 16:43:23] [INFO] [image_processing:226] HoughCircles detected 39 circle(s).
[2025-06-06 16:43:23] [INFO] [image_processing:270] Cladding (Hough): Center=(576,428), Radius=145px
[2025-06-06 16:43:23] [WARNING] [image_processing:630] No core contours found using Otsu within cladding mask.
[2025-06-06 16:43:23] [WARNING] [image_processing:633] Core detection defaulting to 0.4 * cladding radius.
[2025-06-06 16:43:23] [INFO] [main:173] No µm/px scale available for 19700101001628-J65535FT20.jpg. Measurements will be in pixels.
[2025-06-06 16:43:23] [INFO] [main:192] Detected diameters for 19700101001628-J65535FT20.jpg:
[2025-06-06 16:43:23] [INFO] [main:193]   - Cladding diameter: 290.0 pixels
[2025-06-06 16:43:23] [INFO] [main:194]   - Core diameter: 116.0 pixels
[2025-06-06 16:43:23] [INFO] [main:201] Step 3: Generating Zone Masks...
[2025-06-06 16:43:23] [INFO] [main:236] Step 4: Detecting Defects in Zones...
[2025-06-06 16:43:35] [WARNING] [anomaly_detection:37] Anomalib not installed. Anomaly detection disabled.
[2025-06-06 16:43:48] [WARNING] [anomaly_detection:37] Anomalib not installed. Anomaly detection disabled.
[2025-06-06 16:44:00] [WARNING] [anomaly_detection:37] Anomalib not installed. Anomaly detection disabled.
[2025-06-06 16:44:14] [WARNING] [anomaly_detection:37] Anomalib not installed. Anomaly detection disabled.
[2025-06-06 16:44:14] [INFO] [main:258] Step 5: Analyzing Defects and Applying Rules...
[2025-06-06 16:44:14] [INFO] [analysis:96] Performing defect characterization using pure Python implementation.
[2025-06-06 16:44:14] [WARNING] [analysis:285] FAIL Rule (Pit/Dig Count): Zone 'Core', Count=2, Allowed=0
[2025-06-06 16:44:14] [WARNING] [analysis:285] FAIL Rule (Pit/Dig Count): Zone 'Cladding', Count=13, Allowed=5
[2025-06-06 16:44:14] [WARNING] [analysis:332] Pass/Fail Evaluation for 'single_mode_pc': Overall FAIL. Reasons: Zone 'Core': Too many Pits/Digs (2 > 0).; Zone 'Cladding': Too many Pits/Digs (13 > 5).
[2025-06-06 16:44:14] [INFO] [main:281] Step 6: Generating Reports...
[2025-06-06 16:44:14] [INFO] [reporting:218] Annotated image saved successfully to 'C:\Users\Saem1001\Documents\GitHub\OpenCV-Practice\output\run_20250606_163653\19700101001628-J65535FT20\19700101001628-J65535FT20_annotated.png'.
[2025-06-06 16:44:14] [INFO] [reporting:275] Defect CSV report saved successfully to 'C:\Users\Saem1001\Documents\GitHub\OpenCV-Practice\output\run_20250606_163653\19700101001628-J65535FT20\19700101001628-J65535FT20_report.csv'.
[2025-06-06 16:44:14] [INFO] [reporting:400] Polar defect histogram saved successfully to 'C:\Users\Saem1001\Documents\GitHub\OpenCV-Practice\output\run_20250606_163653\19700101001628-J65535FT20\19700101001628-J65535FT20_histogram.png'.
[2025-06-06 16:44:14] [INFO] [main:295] --- Finished processing 19700101001628-J65535FT20.jpg. Duration: 51.65s ---
[2025-06-06 16:44:14] [WARNING] [advanced_visualization:41] Napari not available. Skipping interactive visualization.
[2025-06-06 16:44:14] [INFO] [main:425] --- Starting image 10/21: 19700101001933-J65535FT22.jpg ---
[2025-06-06 16:44:14] [INFO] [main:118] --- Processing image: 19700101001933-J65535FT22.jpg ---
[2025-06-06 16:44:14] [INFO] [main:122] Step 1: Loading and Preprocessing...
[2025-06-06 16:44:14] [INFO] [image_processing:79] Image '19700101001933-J65535FT22.jpg' loaded successfully.
[2025-06-06 16:44:14] [INFO] [main:139] Step 2: Locating Fiber Structure...
[2025-06-06 16:44:14] [INFO] [image_processing:188] Attempting enhanced multi-method circle detection
[2025-06-06 16:44:14] [INFO] [image_processing:226] HoughCircles detected 1 circle(s).
[2025-06-06 16:44:14] [INFO] [image_processing:270] Cladding (Hough): Center=(576,430), Radius=144px
[2025-06-06 16:44:14] [WARNING] [image_processing:630] No core contours found using Otsu within cladding mask.
[2025-06-06 16:44:14] [WARNING] [image_processing:633] Core detection defaulting to 0.4 * cladding radius.
[2025-06-06 16:44:14] [INFO] [main:173] No µm/px scale available for 19700101001933-J65535FT22.jpg. Measurements will be in pixels.
[2025-06-06 16:44:14] [INFO] [main:192] Detected diameters for 19700101001933-J65535FT22.jpg:
[2025-06-06 16:44:14] [INFO] [main:193]   - Cladding diameter: 288.0 pixels
[2025-06-06 16:44:14] [INFO] [main:194]   - Core diameter: 115.2 pixels
[2025-06-06 16:44:14] [INFO] [main:201] Step 3: Generating Zone Masks...
[2025-06-06 16:44:14] [INFO] [main:236] Step 4: Detecting Defects in Zones...
[2025-06-06 16:44:27] [WARNING] [anomaly_detection:37] Anomalib not installed. Anomaly detection disabled.
[2025-06-06 16:44:40] [WARNING] [anomaly_detection:37] Anomalib not installed. Anomaly detection disabled.
[2025-06-06 16:44:52] [WARNING] [anomaly_detection:37] Anomalib not installed. Anomaly detection disabled.
[2025-06-06 16:45:05] [WARNING] [anomaly_detection:37] Anomalib not installed. Anomaly detection disabled.
[2025-06-06 16:45:05] [INFO] [main:258] Step 5: Analyzing Defects and Applying Rules...
[2025-06-06 16:45:05] [INFO] [analysis:96] Performing defect characterization using pure Python implementation.
[2025-06-06 16:45:05] [WARNING] [analysis:285] FAIL Rule (Pit/Dig Count): Zone 'Core', Count=1, Allowed=0
[2025-06-06 16:45:05] [WARNING] [analysis:285] FAIL Rule (Pit/Dig Count): Zone 'Cladding', Count=26, Allowed=5
[2025-06-06 16:45:05] [WARNING] [analysis:332] Pass/Fail Evaluation for 'single_mode_pc': Overall FAIL. Reasons: Zone 'Core': Too many Pits/Digs (1 > 0).; Zone 'Cladding': Too many Pits/Digs (26 > 5).
[2025-06-06 16:45:05] [INFO] [main:281] Step 6: Generating Reports...
[2025-06-06 16:45:05] [INFO] [reporting:218] Annotated image saved successfully to 'C:\Users\Saem1001\Documents\GitHub\OpenCV-Practice\output\run_20250606_163653\19700101001933-J65535FT22\19700101001933-J65535FT22_annotated.png'.
[2025-06-06 16:45:05] [INFO] [reporting:275] Defect CSV report saved successfully to 'C:\Users\Saem1001\Documents\GitHub\OpenCV-Practice\output\run_20250606_163653\19700101001933-J65535FT22\19700101001933-J65535FT22_report.csv'.
[2025-06-06 16:45:05] [INFO] [reporting:400] Polar defect histogram saved successfully to 'C:\Users\Saem1001\Documents\GitHub\OpenCV-Practice\output\run_20250606_163653\19700101001933-J65535FT22\19700101001933-J65535FT22_histogram.png'.
[2025-06-06 16:45:05] [INFO] [main:295] --- Finished processing 19700101001933-J65535FT22.jpg. Duration: 51.23s ---
[2025-06-06 16:45:05] [WARNING] [advanced_visualization:41] Napari not available. Skipping interactive visualization.
[2025-06-06 16:45:05] [INFO] [main:425] --- Starting image 11/21: 19700101002156-J65535FT24.jpg ---
[2025-06-06 16:45:05] [INFO] [main:118] --- Processing image: 19700101002156-J65535FT24.jpg ---
[2025-06-06 16:45:05] [INFO] [main:122] Step 1: Loading and Preprocessing...
[2025-06-06 16:45:05] [INFO] [image_processing:79] Image '19700101002156-J65535FT24.jpg' loaded successfully.
[2025-06-06 16:45:05] [INFO] [main:139] Step 2: Locating Fiber Structure...
[2025-06-06 16:45:05] [INFO] [image_processing:188] Attempting enhanced multi-method circle detection
[2025-06-06 16:45:05] [INFO] [image_processing:226] HoughCircles detected 1 circle(s).
[2025-06-06 16:45:05] [INFO] [image_processing:270] Cladding (Hough): Center=(574,430), Radius=143px
[2025-06-06 16:45:05] [WARNING] [image_processing:624] Could not identify a distinct core contour within the cladding using current criteria.
[2025-06-06 16:45:05] [WARNING] [image_processing:628] Core detection failed, defaulting to 0.4 * cladding radius.
[2025-06-06 16:45:05] [INFO] [main:173] No µm/px scale available for 19700101002156-J65535FT24.jpg. Measurements will be in pixels.
[2025-06-06 16:45:05] [INFO] [main:192] Detected diameters for 19700101002156-J65535FT24.jpg:
[2025-06-06 16:45:05] [INFO] [main:193]   - Cladding diameter: 286.0 pixels
[2025-06-06 16:45:05] [INFO] [main:194]   - Core diameter: 114.4 pixels
[2025-06-06 16:45:05] [INFO] [main:201] Step 3: Generating Zone Masks...
[2025-06-06 16:45:05] [INFO] [main:236] Step 4: Detecting Defects in Zones...
[2025-06-06 16:45:18] [WARNING] [anomaly_detection:37] Anomalib not installed. Anomaly detection disabled.
[2025-06-06 16:45:30] [WARNING] [anomaly_detection:37] Anomalib not installed. Anomaly detection disabled.
[2025-06-06 16:45:43] [WARNING] [anomaly_detection:37] Anomalib not installed. Anomaly detection disabled.
[2025-06-06 16:45:56] [WARNING] [anomaly_detection:37] Anomalib not installed. Anomaly detection disabled.
[2025-06-06 16:45:56] [INFO] [main:258] Step 5: Analyzing Defects and Applying Rules...
[2025-06-06 16:45:56] [INFO] [analysis:96] Performing defect characterization using pure Python implementation.
[2025-06-06 16:45:56] [WARNING] [analysis:285] FAIL Rule (Pit/Dig Count): Zone 'Core', Count=1, Allowed=0
[2025-06-06 16:45:56] [WARNING] [analysis:285] FAIL Rule (Pit/Dig Count): Zone 'Cladding', Count=20, Allowed=5
[2025-06-06 16:45:56] [WARNING] [analysis:332] Pass/Fail Evaluation for 'single_mode_pc': Overall FAIL. Reasons: Zone 'Core': Too many Pits/Digs (1 > 0).; Zone 'Cladding': Too many Pits/Digs (20 > 5).
[2025-06-06 16:45:56] [INFO] [main:281] Step 6: Generating Reports...
[2025-06-06 16:45:56] [INFO] [reporting:218] Annotated image saved successfully to 'C:\Users\Saem1001\Documents\GitHub\OpenCV-Practice\output\run_20250606_163653\19700101002156-J65535FT24\19700101002156-J65535FT24_annotated.png'.
[2025-06-06 16:45:56] [INFO] [reporting:275] Defect CSV report saved successfully to 'C:\Users\Saem1001\Documents\GitHub\OpenCV-Practice\output\run_20250606_163653\19700101002156-J65535FT24\19700101002156-J65535FT24_report.csv'.
[2025-06-06 16:45:56] [INFO] [reporting:400] Polar defect histogram saved successfully to 'C:\Users\Saem1001\Documents\GitHub\OpenCV-Practice\output\run_20250606_163653\19700101002156-J65535FT24\19700101002156-J65535FT24_histogram.png'.
[2025-06-06 16:45:56] [INFO] [main:295] --- Finished processing 19700101002156-J65535FT24.jpg. Duration: 50.75s ---
[2025-06-06 16:45:56] [WARNING] [advanced_visualization:41] Napari not available. Skipping interactive visualization.
[2025-06-06 16:45:56] [INFO] [main:425] --- Starting image 12/21: 19700101024045-J67691-FT53.jpg ---
[2025-06-06 16:45:56] [INFO] [main:118] --- Processing image: 19700101024045-J67691-FT53.jpg ---
[2025-06-06 16:45:56] [INFO] [main:122] Step 1: Loading and Preprocessing...
[2025-06-06 16:45:56] [INFO] [image_processing:79] Image '19700101024045-J67691-FT53.jpg' loaded successfully.
[2025-06-06 16:45:56] [INFO] [main:139] Step 2: Locating Fiber Structure...
[2025-06-06 16:45:56] [INFO] [image_processing:188] Attempting enhanced multi-method circle detection
[2025-06-06 16:45:56] [INFO] [image_processing:226] HoughCircles detected 1 circle(s).
[2025-06-06 16:45:56] [INFO] [image_processing:270] Cladding (Hough): Center=(578,420), Radius=166px
[2025-06-06 16:45:56] [WARNING] [image_processing:630] No core contours found using Otsu within cladding mask.
[2025-06-06 16:45:56] [WARNING] [image_processing:633] Core detection defaulting to 0.4 * cladding radius.
[2025-06-06 16:45:56] [INFO] [main:173] No µm/px scale available for 19700101024045-J67691-FT53.jpg. Measurements will be in pixels.
[2025-06-06 16:45:56] [INFO] [main:192] Detected diameters for 19700101024045-J67691-FT53.jpg:
[2025-06-06 16:45:56] [INFO] [main:193]   - Cladding diameter: 332.0 pixels
[2025-06-06 16:45:56] [INFO] [main:194]   - Core diameter: 132.8 pixels
[2025-06-06 16:45:56] [INFO] [main:201] Step 3: Generating Zone Masks...
[2025-06-06 16:45:56] [INFO] [main:236] Step 4: Detecting Defects in Zones...
[2025-06-06 16:46:09] [WARNING] [anomaly_detection:37] Anomalib not installed. Anomaly detection disabled.
[2025-06-06 16:46:21] [WARNING] [anomaly_detection:37] Anomalib not installed. Anomaly detection disabled.
[2025-06-06 16:46:33] [WARNING] [anomaly_detection:37] Anomalib not installed. Anomaly detection disabled.
[2025-06-06 16:46:45] [WARNING] [anomaly_detection:37] Anomalib not installed. Anomaly detection disabled.
[2025-06-06 16:46:45] [INFO] [main:258] Step 5: Analyzing Defects and Applying Rules...
[2025-06-06 16:46:45] [INFO] [analysis:96] Performing defect characterization using pure Python implementation.
[2025-06-06 16:46:45] [WARNING] [analysis:285] FAIL Rule (Pit/Dig Count): Zone 'Core', Count=1, Allowed=0
[2025-06-06 16:46:45] [WARNING] [analysis:332] Pass/Fail Evaluation for 'single_mode_pc': Overall FAIL. Reasons: Zone 'Core': Too many Pits/Digs (1 > 0).
[2025-06-06 16:46:45] [INFO] [main:281] Step 6: Generating Reports...
[2025-06-06 16:46:46] [INFO] [reporting:218] Annotated image saved successfully to 'C:\Users\Saem1001\Documents\GitHub\OpenCV-Practice\output\run_20250606_163653\19700101024045-J67691-FT53\19700101024045-J67691-FT53_annotated.png'.
[2025-06-06 16:46:46] [INFO] [reporting:275] Defect CSV report saved successfully to 'C:\Users\Saem1001\Documents\GitHub\OpenCV-Practice\output\run_20250606_163653\19700101024045-J67691-FT53\19700101024045-J67691-FT53_report.csv'.
[2025-06-06 16:46:46] [INFO] [reporting:400] Polar defect histogram saved successfully to 'C:\Users\Saem1001\Documents\GitHub\OpenCV-Practice\output\run_20250606_163653\19700101024045-J67691-FT53\19700101024045-J67691-FT53_histogram.png'.
[2025-06-06 16:46:46] [INFO] [main:295] --- Finished processing 19700101024045-J67691-FT53.jpg. Duration: 49.89s ---
[2025-06-06 16:46:46] [WARNING] [advanced_visualization:41] Napari not available. Skipping interactive visualization.
[2025-06-06 16:46:46] [INFO] [main:425] --- Starting image 13/21: 19700101024404-J67691-FT54.jpg ---
[2025-06-06 16:46:46] [INFO] [main:118] --- Processing image: 19700101024404-J67691-FT54.jpg ---
[2025-06-06 16:46:46] [INFO] [main:122] Step 1: Loading and Preprocessing...
[2025-06-06 16:46:46] [INFO] [image_processing:79] Image '19700101024404-J67691-FT54.jpg' loaded successfully.
[2025-06-06 16:46:46] [INFO] [main:139] Step 2: Locating Fiber Structure...
[2025-06-06 16:46:46] [INFO] [image_processing:188] Attempting enhanced multi-method circle detection
[2025-06-06 16:46:46] [INFO] [image_processing:226] HoughCircles detected 1 circle(s).
[2025-06-06 16:46:46] [INFO] [image_processing:270] Cladding (Hough): Center=(548,428), Radius=161px
[2025-06-06 16:46:46] [WARNING] [image_processing:624] Could not identify a distinct core contour within the cladding using current criteria.
[2025-06-06 16:46:46] [WARNING] [image_processing:628] Core detection failed, defaulting to 0.4 * cladding radius.
[2025-06-06 16:46:46] [INFO] [main:173] No µm/px scale available for 19700101024404-J67691-FT54.jpg. Measurements will be in pixels.
[2025-06-06 16:46:46] [INFO] [main:192] Detected diameters for 19700101024404-J67691-FT54.jpg:
[2025-06-06 16:46:46] [INFO] [main:193]   - Cladding diameter: 322.0 pixels
[2025-06-06 16:46:46] [INFO] [main:194]   - Core diameter: 128.8 pixels
[2025-06-06 16:46:46] [INFO] [main:201] Step 3: Generating Zone Masks...
[2025-06-06 16:46:46] [INFO] [main:236] Step 4: Detecting Defects in Zones...
[2025-06-06 16:46:59] [WARNING] [anomaly_detection:37] Anomalib not installed. Anomaly detection disabled.
[2025-06-06 16:47:12] [WARNING] [anomaly_detection:37] Anomalib not installed. Anomaly detection disabled.
[2025-06-06 16:47:24] [WARNING] [anomaly_detection:37] Anomalib not installed. Anomaly detection disabled.
[2025-06-06 16:47:37] [WARNING] [anomaly_detection:37] Anomalib not installed. Anomaly detection disabled.
[2025-06-06 16:47:37] [INFO] [main:258] Step 5: Analyzing Defects and Applying Rules...
[2025-06-06 16:47:37] [INFO] [analysis:96] Performing defect characterization using pure Python implementation.
[2025-06-06 16:47:37] [WARNING] [analysis:285] FAIL Rule (Pit/Dig Count): Zone 'Core', Count=1, Allowed=0
[2025-06-06 16:47:37] [WARNING] [analysis:285] FAIL Rule (Pit/Dig Count): Zone 'Cladding', Count=20, Allowed=5
[2025-06-06 16:47:37] [WARNING] [analysis:332] Pass/Fail Evaluation for 'single_mode_pc': Overall FAIL. Reasons: Zone 'Core': Too many Pits/Digs (1 > 0).; Zone 'Cladding': Too many Pits/Digs (20 > 5).
[2025-06-06 16:47:37] [INFO] [main:281] Step 6: Generating Reports...
[2025-06-06 16:47:37] [INFO] [reporting:218] Annotated image saved successfully to 'C:\Users\Saem1001\Documents\GitHub\OpenCV-Practice\output\run_20250606_163653\19700101024404-J67691-FT54\19700101024404-J67691-FT54_annotated.png'.
[2025-06-06 16:47:37] [INFO] [reporting:275] Defect CSV report saved successfully to 'C:\Users\Saem1001\Documents\GitHub\OpenCV-Practice\output\run_20250606_163653\19700101024404-J67691-FT54\19700101024404-J67691-FT54_report.csv'.
[2025-06-06 16:47:38] [INFO] [reporting:400] Polar defect histogram saved successfully to 'C:\Users\Saem1001\Documents\GitHub\OpenCV-Practice\output\run_20250606_163653\19700101024404-J67691-FT54\19700101024404-J67691-FT54_histogram.png'.
[2025-06-06 16:47:38] [INFO] [main:295] --- Finished processing 19700101024404-J67691-FT54.jpg. Duration: 51.93s ---
[2025-06-06 16:47:38] [WARNING] [advanced_visualization:41] Napari not available. Skipping interactive visualization.
[2025-06-06 16:47:38] [INFO] [main:425] --- Starting image 14/21: 19700101024904-J67691-FT55.jpg ---
[2025-06-06 16:47:38] [INFO] [main:118] --- Processing image: 19700101024904-J67691-FT55.jpg ---
[2025-06-06 16:47:38] [INFO] [main:122] Step 1: Loading and Preprocessing...
[2025-06-06 16:47:38] [INFO] [image_processing:79] Image '19700101024904-J67691-FT55.jpg' loaded successfully.
[2025-06-06 16:47:38] [INFO] [main:139] Step 2: Locating Fiber Structure...
[2025-06-06 16:47:38] [INFO] [image_processing:188] Attempting enhanced multi-method circle detection
[2025-06-06 16:47:38] [INFO] [image_processing:226] HoughCircles detected 1 circle(s).
[2025-06-06 16:47:38] [INFO] [image_processing:270] Cladding (Hough): Center=(554,424), Radius=158px
[2025-06-06 16:47:38] [WARNING] [image_processing:624] Could not identify a distinct core contour within the cladding using current criteria.
[2025-06-06 16:47:38] [WARNING] [image_processing:628] Core detection failed, defaulting to 0.4 * cladding radius.
[2025-06-06 16:47:38] [INFO] [main:173] No µm/px scale available for 19700101024904-J67691-FT55.jpg. Measurements will be in pixels.
[2025-06-06 16:47:38] [INFO] [main:192] Detected diameters for 19700101024904-J67691-FT55.jpg:
[2025-06-06 16:47:38] [INFO] [main:193]   - Cladding diameter: 316.0 pixels
[2025-06-06 16:47:38] [INFO] [main:194]   - Core diameter: 126.4 pixels
[2025-06-06 16:47:38] [INFO] [main:201] Step 3: Generating Zone Masks...
[2025-06-06 16:47:38] [INFO] [main:236] Step 4: Detecting Defects in Zones...
[2025-06-06 16:47:50] [WARNING] [anomaly_detection:37] Anomalib not installed. Anomaly detection disabled.
[2025-06-06 16:48:02] [WARNING] [anomaly_detection:37] Anomalib not installed. Anomaly detection disabled.
[2025-06-06 16:48:13] [WARNING] [anomaly_detection:37] Anomalib not installed. Anomaly detection disabled.
[2025-06-06 16:48:26] [WARNING] [anomaly_detection:37] Anomalib not installed. Anomaly detection disabled.
[2025-06-06 16:48:26] [INFO] [main:258] Step 5: Analyzing Defects and Applying Rules...
[2025-06-06 16:48:26] [INFO] [analysis:96] Performing defect characterization using pure Python implementation.
[2025-06-06 16:48:26] [WARNING] [analysis:285] FAIL Rule (Pit/Dig Count): Zone 'Core', Count=1, Allowed=0
[2025-06-06 16:48:26] [WARNING] [analysis:332] Pass/Fail Evaluation for 'single_mode_pc': Overall FAIL. Reasons: Zone 'Core': Too many Pits/Digs (1 > 0).
[2025-06-06 16:48:26] [INFO] [main:281] Step 6: Generating Reports...
[2025-06-06 16:48:26] [INFO] [reporting:218] Annotated image saved successfully to 'C:\Users\Saem1001\Documents\GitHub\OpenCV-Practice\output\run_20250606_163653\19700101024904-J67691-FT55\19700101024904-J67691-FT55_annotated.png'.
[2025-06-06 16:48:26] [INFO] [reporting:275] Defect CSV report saved successfully to 'C:\Users\Saem1001\Documents\GitHub\OpenCV-Practice\output\run_20250606_163653\19700101024904-J67691-FT55\19700101024904-J67691-FT55_report.csv'.
[2025-06-06 16:48:26] [INFO] [reporting:400] Polar defect histogram saved successfully to 'C:\Users\Saem1001\Documents\GitHub\OpenCV-Practice\output\run_20250606_163653\19700101024904-J67691-FT55\19700101024904-J67691-FT55_histogram.png'.
[2025-06-06 16:48:26] [INFO] [main:295] --- Finished processing 19700101024904-J67691-FT55.jpg. Duration: 48.65s ---
[2025-06-06 16:48:26] [WARNING] [advanced_visualization:41] Napari not available. Skipping interactive visualization.
[2025-06-06 16:48:26] [INFO] [main:425] --- Starting image 15/21: 19700101025314-J67691-SPARE.jpg ---
[2025-06-06 16:48:26] [INFO] [main:118] --- Processing image: 19700101025314-J67691-SPARE.jpg ---
[2025-06-06 16:48:26] [INFO] [main:122] Step 1: Loading and Preprocessing...
[2025-06-06 16:48:26] [INFO] [image_processing:79] Image '19700101025314-J67691-SPARE.jpg' loaded successfully.
[2025-06-06 16:48:26] [INFO] [main:139] Step 2: Locating Fiber Structure...
[2025-06-06 16:48:26] [INFO] [image_processing:188] Attempting enhanced multi-method circle detection
[2025-06-06 16:48:27] [INFO] [image_processing:226] HoughCircles detected 9 circle(s).
[2025-06-06 16:48:27] [INFO] [image_processing:270] Cladding (Hough): Center=(556,422), Radius=164px
[2025-06-06 16:48:27] [WARNING] [image_processing:624] Could not identify a distinct core contour within the cladding using current criteria.
[2025-06-06 16:48:27] [WARNING] [image_processing:628] Core detection failed, defaulting to 0.4 * cladding radius.
[2025-06-06 16:48:27] [INFO] [main:173] No µm/px scale available for 19700101025314-J67691-SPARE.jpg. Measurements will be in pixels.
[2025-06-06 16:48:27] [INFO] [main:192] Detected diameters for 19700101025314-J67691-SPARE.jpg:
[2025-06-06 16:48:27] [INFO] [main:193]   - Cladding diameter: 328.0 pixels
[2025-06-06 16:48:27] [INFO] [main:194]   - Core diameter: 131.2 pixels
[2025-06-06 16:48:27] [INFO] [main:201] Step 3: Generating Zone Masks...
[2025-06-06 16:48:27] [INFO] [main:236] Step 4: Detecting Defects in Zones...
[2025-06-06 16:48:39] [WARNING] [anomaly_detection:37] Anomalib not installed. Anomaly detection disabled.
[2025-06-06 16:48:52] [WARNING] [anomaly_detection:37] Anomalib not installed. Anomaly detection disabled.
[2025-06-06 16:49:04] [WARNING] [anomaly_detection:37] Anomalib not installed. Anomaly detection disabled.
[2025-06-06 16:49:18] [WARNING] [anomaly_detection:37] Anomalib not installed. Anomaly detection disabled.
[2025-06-06 16:49:18] [INFO] [main:258] Step 5: Analyzing Defects and Applying Rules...
[2025-06-06 16:49:18] [INFO] [analysis:96] Performing defect characterization using pure Python implementation.
[2025-06-06 16:49:18] [WARNING] [analysis:285] FAIL Rule (Pit/Dig Count): Zone 'Core', Count=1, Allowed=0
[2025-06-06 16:49:18] [WARNING] [analysis:285] FAIL Rule (Pit/Dig Count): Zone 'Cladding', Count=23, Allowed=5
[2025-06-06 16:49:18] [WARNING] [analysis:332] Pass/Fail Evaluation for 'single_mode_pc': Overall FAIL. Reasons: Zone 'Core': Too many Pits/Digs (1 > 0).; Zone 'Cladding': Too many Pits/Digs (23 > 5).
[2025-06-06 16:49:18] [INFO] [main:281] Step 6: Generating Reports...
[2025-06-06 16:49:18] [INFO] [reporting:218] Annotated image saved successfully to 'C:\Users\Saem1001\Documents\GitHub\OpenCV-Practice\output\run_20250606_163653\19700101025314-J67691-SPARE\19700101025314-J67691-SPARE_annotated.png'.
[2025-06-06 16:49:18] [INFO] [reporting:275] Defect CSV report saved successfully to 'C:\Users\Saem1001\Documents\GitHub\OpenCV-Practice\output\run_20250606_163653\19700101025314-J67691-SPARE\19700101025314-J67691-SPARE_report.csv'.
[2025-06-06 16:49:18] [INFO] [reporting:400] Polar defect histogram saved successfully to 'C:\Users\Saem1001\Documents\GitHub\OpenCV-Practice\output\run_20250606_163653\19700101025314-J67691-SPARE\19700101025314-J67691-SPARE_histogram.png'.
[2025-06-06 16:49:18] [INFO] [main:295] --- Finished processing 19700101025314-J67691-SPARE.jpg. Duration: 51.51s ---
[2025-06-06 16:49:18] [WARNING] [advanced_visualization:41] Napari not available. Skipping interactive visualization.
[2025-06-06 16:49:18] [INFO] [main:425] --- Starting image 16/21: 19700101030921-J65535FT21.jpg ---
[2025-06-06 16:49:18] [INFO] [main:118] --- Processing image: 19700101030921-J65535FT21.jpg ---
[2025-06-06 16:49:18] [INFO] [main:122] Step 1: Loading and Preprocessing...
[2025-06-06 16:49:18] [INFO] [image_processing:79] Image '19700101030921-J65535FT21.jpg' loaded successfully.
[2025-06-06 16:49:18] [INFO] [main:139] Step 2: Locating Fiber Structure...
[2025-06-06 16:49:18] [INFO] [image_processing:188] Attempting enhanced multi-method circle detection
[2025-06-06 16:49:18] [INFO] [image_processing:226] HoughCircles detected 1 circle(s).
[2025-06-06 16:49:18] [INFO] [image_processing:270] Cladding (Hough): Center=(576,422), Radius=144px
[2025-06-06 16:49:18] [WARNING] [image_processing:630] No core contours found using Otsu within cladding mask.
[2025-06-06 16:49:18] [WARNING] [image_processing:633] Core detection defaulting to 0.4 * cladding radius.
[2025-06-06 16:49:18] [INFO] [main:173] No µm/px scale available for 19700101030921-J65535FT21.jpg. Measurements will be in pixels.
[2025-06-06 16:49:18] [INFO] [main:192] Detected diameters for 19700101030921-J65535FT21.jpg:
[2025-06-06 16:49:18] [INFO] [main:193]   - Cladding diameter: 288.0 pixels
[2025-06-06 16:49:18] [INFO] [main:194]   - Core diameter: 115.2 pixels
[2025-06-06 16:49:18] [INFO] [main:201] Step 3: Generating Zone Masks...
[2025-06-06 16:49:18] [INFO] [main:236] Step 4: Detecting Defects in Zones...
[2025-06-06 16:49:29] [WARNING] [anomaly_detection:37] Anomalib not installed. Anomaly detection disabled.
[2025-06-06 16:49:41] [WARNING] [anomaly_detection:37] Anomalib not installed. Anomaly detection disabled.
[2025-06-06 16:49:53] [WARNING] [anomaly_detection:37] Anomalib not installed. Anomaly detection disabled.
[2025-06-06 16:50:06] [WARNING] [anomaly_detection:37] Anomalib not installed. Anomaly detection disabled.
[2025-06-06 16:50:06] [INFO] [main:258] Step 5: Analyzing Defects and Applying Rules...
[2025-06-06 16:50:06] [INFO] [analysis:96] Performing defect characterization using pure Python implementation.
[2025-06-06 16:50:06] [WARNING] [analysis:285] FAIL Rule (Pit/Dig Count): Zone 'Core', Count=1, Allowed=0
[2025-06-06 16:50:06] [WARNING] [analysis:285] FAIL Rule (Pit/Dig Count): Zone 'Cladding', Count=24, Allowed=5
[2025-06-06 16:50:06] [WARNING] [analysis:332] Pass/Fail Evaluation for 'single_mode_pc': Overall FAIL. Reasons: Zone 'Core': Too many Pits/Digs (1 > 0).; Zone 'Cladding': Too many Pits/Digs (24 > 5).
[2025-06-06 16:50:06] [INFO] [main:281] Step 6: Generating Reports...
[2025-06-06 16:50:06] [INFO] [reporting:218] Annotated image saved successfully to 'C:\Users\Saem1001\Documents\GitHub\OpenCV-Practice\output\run_20250606_163653\19700101030921-J65535FT21\19700101030921-J65535FT21_annotated.png'.
[2025-06-06 16:50:06] [INFO] [reporting:275] Defect CSV report saved successfully to 'C:\Users\Saem1001\Documents\GitHub\OpenCV-Practice\output\run_20250606_163653\19700101030921-J65535FT21\19700101030921-J65535FT21_report.csv'.
[2025-06-06 16:50:07] [INFO] [reporting:400] Polar defect histogram saved successfully to 'C:\Users\Saem1001\Documents\GitHub\OpenCV-Practice\output\run_20250606_163653\19700101030921-J65535FT21\19700101030921-J65535FT21_histogram.png'.
[2025-06-06 16:50:07] [INFO] [main:295] --- Finished processing 19700101030921-J65535FT21.jpg. Duration: 48.79s ---
[2025-06-06 16:50:07] [WARNING] [advanced_visualization:41] Napari not available. Skipping interactive visualization.
[2025-06-06 16:50:07] [INFO] [main:425] --- Starting image 17/21: 19700101031204-J65535FT23.jpg ---
[2025-06-06 16:50:07] [INFO] [main:118] --- Processing image: 19700101031204-J65535FT23.jpg ---
[2025-06-06 16:50:07] [INFO] [main:122] Step 1: Loading and Preprocessing...
[2025-06-06 16:50:07] [INFO] [image_processing:79] Image '19700101031204-J65535FT23.jpg' loaded successfully.
[2025-06-06 16:50:07] [INFO] [main:139] Step 2: Locating Fiber Structure...
[2025-06-06 16:50:07] [INFO] [image_processing:188] Attempting enhanced multi-method circle detection
[2025-06-06 16:50:07] [INFO] [image_processing:226] HoughCircles detected 1 circle(s).
[2025-06-06 16:50:07] [INFO] [image_processing:270] Cladding (Hough): Center=(568,426), Radius=145px
[2025-06-06 16:50:07] [WARNING] [image_processing:624] Could not identify a distinct core contour within the cladding using current criteria.
[2025-06-06 16:50:07] [WARNING] [image_processing:628] Core detection failed, defaulting to 0.4 * cladding radius.
[2025-06-06 16:50:07] [INFO] [main:173] No µm/px scale available for 19700101031204-J65535FT23.jpg. Measurements will be in pixels.
[2025-06-06 16:50:07] [INFO] [main:192] Detected diameters for 19700101031204-J65535FT23.jpg:
[2025-06-06 16:50:07] [INFO] [main:193]   - Cladding diameter: 290.0 pixels
[2025-06-06 16:50:07] [INFO] [main:194]   - Core diameter: 116.0 pixels
[2025-06-06 16:50:07] [INFO] [main:201] Step 3: Generating Zone Masks...
[2025-06-06 16:50:07] [INFO] [main:236] Step 4: Detecting Defects in Zones...
[2025-06-06 16:50:20] [WARNING] [anomaly_detection:37] Anomalib not installed. Anomaly detection disabled.
[2025-06-06 16:50:33] [WARNING] [anomaly_detection:37] Anomalib not installed. Anomaly detection disabled.
[2025-06-06 16:50:45] [WARNING] [anomaly_detection:37] Anomalib not installed. Anomaly detection disabled.
[2025-06-06 16:50:57] [WARNING] [anomaly_detection:37] Anomalib not installed. Anomaly detection disabled.
[2025-06-06 16:50:57] [INFO] [main:258] Step 5: Analyzing Defects and Applying Rules...
[2025-06-06 16:50:57] [INFO] [analysis:96] Performing defect characterization using pure Python implementation.
[2025-06-06 16:50:57] [WARNING] [analysis:285] FAIL Rule (Pit/Dig Count): Zone 'Core', Count=1, Allowed=0
[2025-06-06 16:50:57] [WARNING] [analysis:332] Pass/Fail Evaluation for 'single_mode_pc': Overall FAIL. Reasons: Zone 'Core': Too many Pits/Digs (1 > 0).
[2025-06-06 16:50:57] [INFO] [main:281] Step 6: Generating Reports...
[2025-06-06 16:50:57] [INFO] [reporting:218] Annotated image saved successfully to 'C:\Users\Saem1001\Documents\GitHub\OpenCV-Practice\output\run_20250606_163653\19700101031204-J65535FT23\19700101031204-J65535FT23_annotated.png'.
[2025-06-06 16:50:57] [INFO] [reporting:275] Defect CSV report saved successfully to 'C:\Users\Saem1001\Documents\GitHub\OpenCV-Practice\output\run_20250606_163653\19700101031204-J65535FT23\19700101031204-J65535FT23_report.csv'.
[2025-06-06 16:50:57] [INFO] [reporting:400] Polar defect histogram saved successfully to 'C:\Users\Saem1001\Documents\GitHub\OpenCV-Practice\output\run_20250606_163653\19700101031204-J65535FT23\19700101031204-J65535FT23_histogram.png'.
[2025-06-06 16:50:57] [INFO] [main:295] --- Finished processing 19700101031204-J65535FT23.jpg. Duration: 50.38s ---
[2025-06-06 16:50:57] [WARNING] [advanced_visualization:41] Napari not available. Skipping interactive visualization.
[2025-06-06 16:50:57] [INFO] [main:425] --- Starting image 18/21: 19700101041536-J67696-FT49.jpg ---
[2025-06-06 16:50:57] [INFO] [main:118] --- Processing image: 19700101041536-J67696-FT49.jpg ---
[2025-06-06 16:50:57] [INFO] [main:122] Step 1: Loading and Preprocessing...
[2025-06-06 16:50:57] [INFO] [image_processing:79] Image '19700101041536-J67696-FT49.jpg' loaded successfully.
[2025-06-06 16:50:57] [INFO] [main:139] Step 2: Locating Fiber Structure...
[2025-06-06 16:50:57] [INFO] [image_processing:188] Attempting enhanced multi-method circle detection
[2025-06-06 16:50:57] [INFO] [image_processing:226] HoughCircles detected 1 circle(s).
[2025-06-06 16:50:57] [INFO] [image_processing:270] Cladding (Hough): Center=(562,414), Radius=138px
[2025-06-06 16:50:57] [INFO] [image_processing:622] Core (ContourFit): Center=(562,414), Radius=124.0px
[2025-06-06 16:50:57] [INFO] [main:173] No µm/px scale available for 19700101041536-J67696-FT49.jpg. Measurements will be in pixels.
[2025-06-06 16:50:57] [INFO] [main:192] Detected diameters for 19700101041536-J67696-FT49.jpg:
[2025-06-06 16:50:57] [INFO] [main:193]   - Cladding diameter: 276.0 pixels
[2025-06-06 16:50:57] [INFO] [main:194]   - Core diameter: 248.0 pixels
[2025-06-06 16:50:57] [INFO] [main:201] Step 3: Generating Zone Masks...
[2025-06-06 16:50:57] [INFO] [main:236] Step 4: Detecting Defects in Zones...
[2025-06-06 16:51:11] [WARNING] [anomaly_detection:37] Anomalib not installed. Anomaly detection disabled.
[2025-06-06 16:51:24] [WARNING] [anomaly_detection:37] Anomalib not installed. Anomaly detection disabled.
[2025-06-06 16:51:38] [WARNING] [anomaly_detection:37] Anomalib not installed. Anomaly detection disabled.
[2025-06-06 16:51:51] [WARNING] [anomaly_detection:37] Anomalib not installed. Anomaly detection disabled.
[2025-06-06 16:51:51] [INFO] [main:258] Step 5: Analyzing Defects and Applying Rules...
[2025-06-06 16:51:51] [INFO] [analysis:96] Performing defect characterization using pure Python implementation.
[2025-06-06 16:51:51] [WARNING] [analysis:285] FAIL Rule (Pit/Dig Count): Zone 'Core', Count=1, Allowed=0
[2025-06-06 16:51:51] [WARNING] [analysis:332] Pass/Fail Evaluation for 'single_mode_pc': Overall FAIL. Reasons: Zone 'Core': Too many Pits/Digs (1 > 0).
[2025-06-06 16:51:51] [INFO] [main:281] Step 6: Generating Reports...
[2025-06-06 16:51:51] [INFO] [reporting:218] Annotated image saved successfully to 'C:\Users\Saem1001\Documents\GitHub\OpenCV-Practice\output\run_20250606_163653\19700101041536-J67696-FT49\19700101041536-J67696-FT49_annotated.png'.
[2025-06-06 16:51:51] [INFO] [reporting:275] Defect CSV report saved successfully to 'C:\Users\Saem1001\Documents\GitHub\OpenCV-Practice\output\run_20250606_163653\19700101041536-J67696-FT49\19700101041536-J67696-FT49_report.csv'.
[2025-06-06 16:51:52] [INFO] [reporting:400] Polar defect histogram saved successfully to 'C:\Users\Saem1001\Documents\GitHub\OpenCV-Practice\output\run_20250606_163653\19700101041536-J67696-FT49\19700101041536-J67696-FT49_histogram.png'.
[2025-06-06 16:51:52] [INFO] [main:295] --- Finished processing 19700101041536-J67696-FT49.jpg. Duration: 54.69s ---
[2025-06-06 16:51:52] [WARNING] [advanced_visualization:41] Napari not available. Skipping interactive visualization.
[2025-06-06 16:51:52] [INFO] [main:425] --- Starting image 19/21: 19700101041739-J67696-FT52.jpg ---
[2025-06-06 16:51:52] [INFO] [main:118] --- Processing image: 19700101041739-J67696-FT52.jpg ---
[2025-06-06 16:51:52] [INFO] [main:122] Step 1: Loading and Preprocessing...
[2025-06-06 16:51:52] [INFO] [image_processing:79] Image '19700101041739-J67696-FT52.jpg' loaded successfully.
[2025-06-06 16:51:52] [INFO] [main:139] Step 2: Locating Fiber Structure...
[2025-06-06 16:51:52] [INFO] [image_processing:188] Attempting enhanced multi-method circle detection
[2025-06-06 16:51:52] [INFO] [image_processing:226] HoughCircles detected 2 circle(s).
[2025-06-06 16:51:52] [INFO] [image_processing:270] Cladding (Hough): Center=(574,426), Radius=138px
[2025-06-06 16:51:52] [INFO] [image_processing:622] Core (ContourFit): Center=(574,426), Radius=124.0px
[2025-06-06 16:51:52] [INFO] [main:173] No µm/px scale available for 19700101041739-J67696-FT52.jpg. Measurements will be in pixels.
[2025-06-06 16:51:52] [INFO] [main:192] Detected diameters for 19700101041739-J67696-FT52.jpg:
[2025-06-06 16:51:52] [INFO] [main:193]   - Cladding diameter: 276.0 pixels
[2025-06-06 16:51:52] [INFO] [main:194]   - Core diameter: 248.0 pixels
[2025-06-06 16:51:52] [INFO] [main:201] Step 3: Generating Zone Masks...
[2025-06-06 16:51:52] [INFO] [main:236] Step 4: Detecting Defects in Zones...
[2025-06-06 16:52:05] [WARNING] [anomaly_detection:37] Anomalib not installed. Anomaly detection disabled.
[2025-06-06 16:52:19] [WARNING] [anomaly_detection:37] Anomalib not installed. Anomaly detection disabled.
[2025-06-06 16:52:29] [WARNING] [anomaly_detection:37] Anomalib not installed. Anomaly detection disabled.
[2025-06-06 16:53:02] [WARNING] [anomaly_detection:37] Anomalib not installed. Anomaly detection disabled.
[2025-06-06 16:53:02] [INFO] [main:258] Step 5: Analyzing Defects and Applying Rules...
[2025-06-06 16:53:02] [INFO] [analysis:96] Performing defect characterization using pure Python implementation.
[2025-06-06 16:53:02] [WARNING] [analysis:285] FAIL Rule (Pit/Dig Count): Zone 'Core', Count=1, Allowed=0
[2025-06-06 16:53:02] [WARNING] [analysis:332] Pass/Fail Evaluation for 'single_mode_pc': Overall FAIL. Reasons: Zone 'Core': Too many Pits/Digs (1 > 0).
[2025-06-06 16:53:02] [INFO] [main:281] Step 6: Generating Reports...
[2025-06-06 16:53:02] [INFO] [reporting:218] Annotated image saved successfully to 'C:\Users\Saem1001\Documents\GitHub\OpenCV-Practice\output\run_20250606_163653\19700101041739-J67696-FT52\19700101041739-J67696-FT52_annotated.png'.
[2025-06-06 16:53:02] [INFO] [reporting:275] Defect CSV report saved successfully to 'C:\Users\Saem1001\Documents\GitHub\OpenCV-Practice\output\run_20250606_163653\19700101041739-J67696-FT52\19700101041739-J67696-FT52_report.csv'.
[2025-06-06 16:53:03] [INFO] [reporting:400] Polar defect histogram saved successfully to 'C:\Users\Saem1001\Documents\GitHub\OpenCV-Practice\output\run_20250606_163653\19700101041739-J67696-FT52\19700101041739-J67696-FT52_histogram.png'.
[2025-06-06 16:53:03] [INFO] [main:295] --- Finished processing 19700101041739-J67696-FT52.jpg. Duration: 71.25s ---
[2025-06-06 16:53:03] [WARNING] [advanced_visualization:41] Napari not available. Skipping interactive visualization.
[2025-06-06 16:53:03] [INFO] [main:425] --- Starting image 20/21: 19700101042057-J67696-FT51.jpg ---
[2025-06-06 16:53:03] [INFO] [main:118] --- Processing image: 19700101042057-J67696-FT51.jpg ---
[2025-06-06 16:53:03] [INFO] [main:122] Step 1: Loading and Preprocessing...
[2025-06-06 16:53:03] [INFO] [image_processing:79] Image '19700101042057-J67696-FT51.jpg' loaded successfully.
[2025-06-06 16:53:03] [INFO] [main:139] Step 2: Locating Fiber Structure...
[2025-06-06 16:53:03] [INFO] [image_processing:188] Attempting enhanced multi-method circle detection
[2025-06-06 16:53:04] [INFO] [image_processing:226] HoughCircles detected 1 circle(s).
[2025-06-06 16:53:04] [INFO] [image_processing:270] Cladding (Hough): Center=(552,424), Radius=164px
[2025-06-06 16:53:04] [WARNING] [image_processing:624] Could not identify a distinct core contour within the cladding using current criteria.
[2025-06-06 16:53:04] [WARNING] [image_processing:628] Core detection failed, defaulting to 0.4 * cladding radius.
[2025-06-06 16:53:04] [INFO] [main:173] No µm/px scale available for 19700101042057-J67696-FT51.jpg. Measurements will be in pixels.
[2025-06-06 16:53:04] [INFO] [main:192] Detected diameters for 19700101042057-J67696-FT51.jpg:
[2025-06-06 16:53:04] [INFO] [main:193]   - Cladding diameter: 328.0 pixels
[2025-06-06 16:53:04] [INFO] [main:194]   - Core diameter: 131.2 pixels
[2025-06-06 16:53:04] [INFO] [main:201] Step 3: Generating Zone Masks...
[2025-06-06 16:53:04] [INFO] [main:236] Step 4: Detecting Defects in Zones...
[2025-06-06 16:53:22] [WARNING] [anomaly_detection:37] Anomalib not installed. Anomaly detection disabled.
[2025-06-06 16:53:36] [WARNING] [anomaly_detection:37] Anomalib not installed. Anomaly detection disabled.
[2025-06-06 16:53:49] [WARNING] [anomaly_detection:37] Anomalib not installed. Anomaly detection disabled.
[2025-06-06 16:54:06] [WARNING] [anomaly_detection:37] Anomalib not installed. Anomaly detection disabled.
[2025-06-06 16:54:06] [INFO] [main:258] Step 5: Analyzing Defects and Applying Rules...
[2025-06-06 16:54:06] [INFO] [analysis:96] Performing defect characterization using pure Python implementation.
[2025-06-06 16:54:06] [WARNING] [analysis:285] FAIL Rule (Pit/Dig Count): Zone 'Core', Count=1, Allowed=0
[2025-06-06 16:54:06] [WARNING] [analysis:332] Pass/Fail Evaluation for 'single_mode_pc': Overall FAIL. Reasons: Zone 'Core': Too many Pits/Digs (1 > 0).
[2025-06-06 16:54:06] [INFO] [main:281] Step 6: Generating Reports...
[2025-06-06 16:54:06] [INFO] [reporting:218] Annotated image saved successfully to 'C:\Users\Saem1001\Documents\GitHub\OpenCV-Practice\output\run_20250606_163653\19700101042057-J67696-FT51\19700101042057-J67696-FT51_annotated.png'.
[2025-06-06 16:54:06] [INFO] [reporting:275] Defect CSV report saved successfully to 'C:\Users\Saem1001\Documents\GitHub\OpenCV-Practice\output\run_20250606_163653\19700101042057-J67696-FT51\19700101042057-J67696-FT51_report.csv'.
[2025-06-06 16:54:06] [INFO] [reporting:400] Polar defect histogram saved successfully to 'C:\Users\Saem1001\Documents\GitHub\OpenCV-Practice\output\run_20250606_163653\19700101042057-J67696-FT51\19700101042057-J67696-FT51_histogram.png'.
[2025-06-06 16:54:06] [INFO] [main:295] --- Finished processing 19700101042057-J67696-FT51.jpg. Duration: 63.27s ---
[2025-06-06 16:54:06] [WARNING] [advanced_visualization:41] Napari not available. Skipping interactive visualization.
[2025-06-06 16:54:06] [INFO] [main:425] --- Starting image 21/21: 19700101042239-J67696-FT50.jpg ---
[2025-06-06 16:54:06] [INFO] [main:118] --- Processing image: 19700101042239-J67696-FT50.jpg ---
[2025-06-06 16:54:06] [INFO] [main:122] Step 1: Loading and Preprocessing...
[2025-06-06 16:54:06] [INFO] [image_processing:79] Image '19700101042239-J67696-FT50.jpg' loaded successfully.
[2025-06-06 16:54:06] [INFO] [main:139] Step 2: Locating Fiber Structure...
[2025-06-06 16:54:06] [INFO] [image_processing:188] Attempting enhanced multi-method circle detection
[2025-06-06 16:54:07] [INFO] [image_processing:226] HoughCircles detected 2 circle(s).
[2025-06-06 16:54:07] [INFO] [image_processing:270] Cladding (Hough): Center=(552,426), Radius=159px
[2025-06-06 16:54:07] [WARNING] [image_processing:624] Could not identify a distinct core contour within the cladding using current criteria.
[2025-06-06 16:54:07] [WARNING] [image_processing:628] Core detection failed, defaulting to 0.4 * cladding radius.
[2025-06-06 16:54:07] [INFO] [main:173] No µm/px scale available for 19700101042239-J67696-FT50.jpg. Measurements will be in pixels.
[2025-06-06 16:54:07] [INFO] [main:192] Detected diameters for 19700101042239-J67696-FT50.jpg:
[2025-06-06 16:54:07] [INFO] [main:193]   - Cladding diameter: 318.0 pixels
[2025-06-06 16:54:07] [INFO] [main:194]   - Core diameter: 127.2 pixels
[2025-06-06 16:54:07] [INFO] [main:201] Step 3: Generating Zone Masks...
[2025-06-06 16:54:07] [INFO] [main:236] Step 4: Detecting Defects in Zones...
[2025-06-06 16:54:22] [WARNING] [anomaly_detection:37] Anomalib not installed. Anomaly detection disabled.
[2025-06-06 16:54:34] [WARNING] [anomaly_detection:37] Anomalib not installed. Anomaly detection disabled.
[2025-06-06 16:54:44] [WARNING] [anomaly_detection:37] Anomalib not installed. Anomaly detection disabled.
[2025-06-06 16:54:54] [WARNING] [anomaly_detection:37] Anomalib not installed. Anomaly detection disabled.
[2025-06-06 16:54:55] [INFO] [main:258] Step 5: Analyzing Defects and Applying Rules...
[2025-06-06 16:54:55] [INFO] [analysis:96] Performing defect characterization using pure Python implementation.
[2025-06-06 16:54:55] [WARNING] [analysis:285] FAIL Rule (Pit/Dig Count): Zone 'Core', Count=1, Allowed=0
[2025-06-06 16:54:55] [WARNING] [analysis:332] Pass/Fail Evaluation for 'single_mode_pc': Overall FAIL. Reasons: Zone 'Core': Too many Pits/Digs (1 > 0).
[2025-06-06 16:54:55] [INFO] [main:281] Step 6: Generating Reports...
[2025-06-06 16:54:55] [INFO] [reporting:218] Annotated image saved successfully to 'C:\Users\Saem1001\Documents\GitHub\OpenCV-Practice\output\run_20250606_163653\19700101042239-J67696-FT50\19700101042239-J67696-FT50_annotated.png'.
[2025-06-06 16:54:55] [INFO] [reporting:275] Defect CSV report saved successfully to 'C:\Users\Saem1001\Documents\GitHub\OpenCV-Practice\output\run_20250606_163653\19700101042239-J67696-FT50\19700101042239-J67696-FT50_report.csv'.
[2025-06-06 16:54:55] [INFO] [reporting:400] Polar defect histogram saved successfully to 'C:\Users\Saem1001\Documents\GitHub\OpenCV-Practice\output\run_20250606_163653\19700101042239-J67696-FT50\19700101042239-J67696-FT50_histogram.png'.
[2025-06-06 16:54:55] [INFO] [main:295] --- Finished processing 19700101042239-J67696-FT50.jpg. Duration: 48.49s ---
[2025-06-06 16:54:55] [WARNING] [advanced_visualization:41] Napari not available. Skipping interactive visualization.
[2025-06-06 16:54:55] [INFO] [main:473] Batch summary report saved to: C:\Users\Saem1001\Documents\GitHub\OpenCV-Practice\output\run_20250606_163653\batch_summary_report.csv
[2025-06-06 16:54:55] [INFO] [main:480] --- D-Scope Blink: Batch Processing Complete ---
[2025-06-06 16:54:55] [INFO] [main:481] Total images processed: 21
[2025-06-06 16:54:55] [INFO] [main:482] Total batch duration: 1081.89 seconds.
[2025-06-06 16:54:55] [INFO] [main:483] All reports for this run saved in: C:\Users\Saem1001\Documents\GitHub\OpenCV-Practice\output\run_20250606_163653
