[2025-06-10 16:37:51] [INFO] [main:204] Logging configured. Level: INFO. Log file: /home/jarvis/Documents/GitHub/OpenCV-Practice/output/run_20250610_163751/logs/inspection_20250610_163751.log
[2025-06-10 16:37:51] [INFO] [main:573] Inspection System Started.
[2025-06-10 16:37:51] [INFO] [main:574] Configuration loaded from: /home/jarvis/Documents/GitHub/OpenCV-Practice/config.json
[2025-06-10 16:37:51] [INFO] [main:575] Results will be saved to: /home/jarvis/Documents/GitHub/OpenCV-Practice/output/run_20250610_163751
[2025-06-10 16:37:51] [INFO] [main:583] Using processing profile: 'deep_inspection'
[2025-06-10 16:37:51] [INFO] [calibration:257] Calibration data loaded successfully from '/home/jarvis/Documents/GitHub/OpenCV-Practice/calibration.json'.
[2025-06-10 16:37:51] [INFO] [main:593] No calibration data; using default or user-provided scale factors.
[2025-06-10 16:37:51] [INFO] [main:599] Using fiber type rules: 'single_mode_pc'
[2025-06-10 16:37:51] [INFO] [main:629] Found 1 image(s) to process.
[2025-06-10 16:37:51] [INFO] [main:633] --- Starting Batch Processing ---
[2025-06-10 16:37:51] [INFO] [main:503] Using sequential processing
[2025-06-10 16:37:51] [INFO] [main:508] --- Starting image 1/1: ima12.jpg ---
[2025-06-10 16:37:51] [INFO] [main:221] --- Processing image: ima12.jpg ---
[2025-06-10 16:37:51] [INFO] [main:228] Step 1: Loading and Preprocessing...
[2025-06-10 16:37:51] [INFO] [image_processing:115] Image 'ima12.jpg' loaded successfully.
[2025-06-10 16:37:51] [INFO] [main:249] Step 2: Locating Fiber Structure...
[2025-06-10 16:37:51] [INFO] [image_processing:307] Attempting cladding detection using HoughCircles...
[2025-06-10 16:37:51] [INFO] [image_processing:327] Cladding (HoughCircles): Center=(514,376), Radius=143px
[2025-06-10 16:37:51] [INFO] [image_processing:391] Starting enhanced core detection...
[2025-06-10 16:37:51] [INFO] [image_processing:413] Core detected: Center=(514,376), Radius=42.0px
[2025-06-10 16:37:51] [INFO] [main:304] Step 3: Generating Zone Masks...
[2025-06-10 16:37:51] [INFO] [image_processing:483] Generated zone masks - Core radius: 47.3px, Cladding radius: 160.9px
[2025-06-10 16:37:51] [INFO] [main:339] Step 4: Detecting Defects...
[2025-06-10 16:37:59] [INFO] [main:373] Total defects detected across all zones: 11
[2025-06-10 16:37:59] [INFO] [main:376] Step 5: Characterizing and Classifying Defects...
[2025-06-10 16:37:59] [INFO] [analysis:218] Characterized 11 defects from 11 detected regions
[2025-06-10 16:37:59] [INFO] [main:383] Step 6: Applying Pass/Fail Rules...
[2025-06-10 16:37:59] [WARNING] [analysis:369] FAIL: Zone 'Cladding' scratch count exceeded
[2025-06-10 16:37:59] [WARNING] [analysis:415] Pass/Fail Evaluation for 'single_mode_pc': FAIL - 1 reason(s)
[2025-06-10 16:37:59] [INFO] [main:389] Step 7: Generating Reports...
[2025-06-10 16:38:00] [INFO] [reporting:218] Annotated image saved successfully to '/home/jarvis/Documents/GitHub/OpenCV-Practice/output/run_20250610_163751/ima12/ima12_annotated.png'.
[2025-06-10 16:38:00] [INFO] [reporting:275] Defect CSV report saved successfully to '/home/jarvis/Documents/GitHub/OpenCV-Practice/output/run_20250610_163751/ima12/ima12_report.csv'.
