[2025-06-05 20:39:05] [INFO] [main:89] Logging configured. Level: INFO. Log file: /home/jarvis/Documents/GitHub/OpenCV-Practice/output/run_20250605_203905/logs/d_scope_blink_inspection_20250605_203905.log
[2025-06-05 20:39:05] [INFO] [main:342] D-Scope Blink: Inspection System Started.
[2025-06-05 20:39:05] [INFO] [main:343] Input Directory: /home/jarvis/Documents/GitHub/OpenCV-Practice/samples
[2025-06-05 20:39:05] [INFO] [main:344] Output Directory (this run): /home/jarvis/Documents/GitHub/OpenCV-Practice/output/run_20250605_203905
[2025-06-05 20:39:05] [INFO] [main:345] Using Profile: deep_inspection
[2025-06-05 20:39:05] [INFO] [main:346] Fiber Type Key for Rules: single_mode_pc
[2025-06-05 20:39:05] [WARNING] [calibration:247] Calibration file '/home/jarvis/Documents/GitHub/OpenCV-Practice/calibration.json' not found.
[2025-06-05 20:39:05] [WARNING] [main:379] No calibration data loaded from '/home/jarvis/Documents/GitHub/OpenCV-Practice/calibration.json'. Measurements may be in pixels if user dimensions not provided.
[2025-06-05 20:39:05] [INFO] [main:399] Found 1 images to process in '/home/jarvis/Documents/GitHub/OpenCV-Practice/samples'.
[2025-06-05 20:39:05] [INFO] [main:406] --- Starting image 1/1: img63.jpg ---
[2025-06-05 20:39:05] [INFO] [main:118] --- Processing image: img63.jpg ---
[2025-06-05 20:39:05] [INFO] [main:122] Step 1: Loading and Preprocessing...
[2025-06-05 20:39:05] [INFO] [image_processing:229] Image 'img63.jpg' loaded successfully.
[2025-06-05 20:39:06] [INFO] [main:139] Step 2: Locating Fiber Structure...
[2025-06-05 20:39:06] [INFO] [image_processing:338] Attempting enhanced multi-method circle detection
[2025-06-05 20:39:06] [INFO] [image_processing:376] HoughCircles detected 1 circle(s).
[2025-06-05 20:39:06] [INFO] [image_processing:420] Cladding (Hough): Center=(584,424), Radius=139px
[2025-06-05 20:39:06] [WARNING] [image_processing:753] No core contours found using Otsu within cladding mask.
[2025-06-05 20:39:06] [WARNING] [image_processing:756] Core detection defaulting to 0.4 * cladding radius.
[2025-06-05 20:39:06] [INFO] [main:173] No µm/px scale available for img63.jpg. Measurements will be in pixels.
[2025-06-05 20:39:06] [INFO] [main:181] Detected diameters for img63.jpg:
[2025-06-05 20:39:06] [INFO] [main:182]   - Cladding diameter: 278.0 pixels
[2025-06-05 20:39:06] [INFO] [main:183]   - Core diameter: 111.2 pixels
[2025-06-05 20:39:06] [ERROR] [main:436] Unexpected error processing img63.jpg: cannot access local variable 'analysis_summary' where it is not associated with a value
Traceback (most recent call last):
  File "/home/jarvis/Documents/GitHub/OpenCV-Practice/main.py", line 411, in execute_inspection_run
    summary = process_single_image( # Process single image.
              ^^^^^^^^^^^^^^^^^^^^^^^^^^^^^^^^^^^^^^^^^^^^^
  File "/home/jarvis/Documents/GitHub/OpenCV-Practice/main.py", line 186, in process_single_image
    analysis_summary['cladding_diameter_px'] = cladding_diameter_px
    ^^^^^^^^^^^^^^^^
UnboundLocalError: cannot access local variable 'analysis_summary' where it is not associated with a value
[2025-06-05 20:39:06] [INFO] [main:454] Batch summary report saved to: /home/jarvis/Documents/GitHub/OpenCV-Practice/output/run_20250605_203905/batch_summary_report.csv
[2025-06-05 20:39:06] [INFO] [main:461] --- D-Scope Blink: Batch Processing Complete ---
[2025-06-05 20:39:06] [INFO] [main:462] Total images processed: 1
[2025-06-05 20:39:06] [INFO] [main:463] Total batch duration: 0.64 seconds.
[2025-06-05 20:39:06] [INFO] [main:464] All reports for this run saved in: /home/jarvis/Documents/GitHub/OpenCV-Practice/output/run_20250605_203905
