[2025-06-05 22:00:11] [INFO] [main:89] Logging configured. Level: INFO. Log file: /home/jarvis/Documents/GitHub/OpenCV-Practice/output/run_20250605_220011/logs/d_scope_blink_inspection_20250605_220011.log
[2025-06-05 22:00:11] [INFO] [main:352] D-Scope Blink: Inspection System Started.
[2025-06-05 22:00:11] [INFO] [main:353] Input Directory: /home/jarvis/Documents/GitHub/OpenCV-Practice/samples
[2025-06-05 22:00:11] [INFO] [main:354] Output Directory (this run): /home/jarvis/Documents/GitHub/OpenCV-Practice/output/run_20250605_220011
[2025-06-05 22:00:11] [INFO] [main:355] Using Profile: fast_scan
[2025-06-05 22:00:11] [INFO] [main:356] Fiber Type Key for Rules: single_mode_pc
[2025-06-05 22:00:11] [WARNING] [calibration:247] Calibration file '/home/jarvis/Documents/GitHub/OpenCV-Practice/calibration.json' not found.
[2025-06-05 22:00:11] [WARNING] [main:389] No calibration data loaded from '/home/jarvis/Documents/GitHub/OpenCV-Practice/calibration.json'. Measurements may be in pixels if user dimensions not provided.
[2025-06-05 22:00:11] [INFO] [main:409] Found 2 images to process in '/home/jarvis/Documents/GitHub/OpenCV-Practice/samples'.
[2025-06-05 22:00:11] [INFO] [main:416] --- Starting image 1/2: img35.jpg ---
[2025-06-05 22:00:11] [INFO] [main:118] --- Processing image: img35.jpg ---
[2025-06-05 22:00:11] [INFO] [main:122] Step 1: Loading and Preprocessing...
[2025-06-05 22:00:11] [INFO] [image_processing:229] Image 'img35.jpg' loaded successfully.
[2025-06-05 22:00:11] [INFO] [main:139] Step 2: Locating Fiber Structure...
[2025-06-05 22:00:11] [INFO] [image_processing:338] Attempting enhanced multi-method circle detection
[2025-06-05 22:00:12] [INFO] [image_processing:376] HoughCircles detected 4 circle(s).
[2025-06-05 22:00:12] [INFO] [image_processing:420] Cladding (Hough): Center=(580,415), Radius=139px
[2025-06-05 22:00:12] [WARNING] [image_processing:780] No core contours found using Otsu within cladding mask.
[2025-06-05 22:00:12] [WARNING] [image_processing:783] Core detection defaulting to 0.4 * cladding radius.
[2025-06-05 22:00:12] [INFO] [main:173] No µm/px scale available for img35.jpg. Measurements will be in pixels.
[2025-06-05 22:00:12] [INFO] [main:192] Detected diameters for img35.jpg:
[2025-06-05 22:00:12] [INFO] [main:193]   - Cladding diameter: 278.0 pixels
[2025-06-05 22:00:12] [INFO] [main:194]   - Core diameter: 111.2 pixels
[2025-06-05 22:00:12] [INFO] [main:200] Step 3: Generating Zone Masks...
[2025-06-05 22:00:12] [INFO] [main:232] Step 4: Detecting Defects in Zones...
[2025-06-05 22:00:12] [INFO] [main:254] Step 5: Analyzing Defects and Applying Rules...
[2025-06-05 22:00:12] [INFO] [analysis:76] Found 12 potential defect components from fused mask.
[2025-06-05 22:00:12] [WARNING] [analysis:301] FAIL Rule (Scratch Count): Zone 'Core', Count=4, Allowed=0
[2025-06-05 22:00:12] [WARNING] [analysis:356] Pass/Fail Evaluation for 'single_mode_pc': Overall FAIL. Reasons: Zone 'Core': Too many scratches (4 > 0).
[2025-06-05 22:00:12] [INFO] [main:277] Step 6: Generating Reports...
[2025-06-05 22:00:12] [INFO] [reporting:218] Annotated image saved successfully to '/home/jarvis/Documents/GitHub/OpenCV-Practice/output/run_20250605_220011/img35/img35_annotated.png'.
[2025-06-05 22:00:12] [INFO] [reporting:275] Defect CSV report saved successfully to '/home/jarvis/Documents/GitHub/OpenCV-Practice/output/run_20250605_220011/img35/img35_report.csv'.
