[2025-06-05 10:36:37] [INFO] [main:81] Logging configured. Level: INFO. Log file: C:\Users\Saem1001\Documents\GitHub\OpenCV-Practice\output\run_20250605_103637\logs\d_scope_blink_inspection_20250605_103637.log
[2025-06-05 10:36:37] [INFO] [main:285] D-Scope Blink: Inspection System Started.
[2025-06-05 10:36:37] [INFO] [main:286] Input Directory: C:\Users\Saem1001\Documents\GitHub\OpenCV-Practice\samples
[2025-06-05 10:36:37] [INFO] [main:287] Output Directory (this run): C:\Users\Saem1001\Documents\GitHub\OpenCV-Practice\output\run_20250605_103637
[2025-06-05 10:36:37] [INFO] [main:288] Using Profile: deep_inspection
[2025-06-05 10:36:37] [INFO] [main:289] Fiber Type Key for Rules: single_mode
[2025-06-05 10:36:37] [WARNING] [calibration:247] Calibration file 'calibration.json' not found.
[2025-06-05 10:36:37] [WARNING] [main:311] No calibration data loaded from 'calibration.json'. Measurements may be in pixels if user dimensions not provided.
[2025-06-05 10:36:37] [INFO] [main:331] Found 6 images to process in 'C:\Users\Saem1001\Documents\GitHub\OpenCV-Practice\samples'.
[2025-06-05 10:36:37] [INFO] [main:338] --- Starting image 1/6: ima12.jpg ---
[2025-06-05 10:36:37] [INFO] [main:110] --- Processing image: ima12.jpg ---
[2025-06-05 10:36:37] [INFO] [main:114] Step 1: Loading and Preprocessing...
[2025-06-05 10:36:37] [INFO] [image_processing:100] Image 'ima12.jpg' loaded successfully.
[2025-06-05 10:36:37] [INFO] [main:122] Step 2: Locating Fiber Structure...
[2025-06-05 10:36:37] [WARNING] [image_processing:237] HoughCircles failed to detect cladding. Attempting contour fitting fallback.
[2025-06-05 10:36:37] [ERROR] [image_processing:278] Contour fitting failed: No contours found after adaptive thresholding.
[2025-06-05 10:36:37] [ERROR] [main:125] Failed to localize fiber structure in ima12.jpg. Skipping.
[2025-06-05 10:36:37] [INFO] [main:338] --- Starting image 2/6: ima18.jpg ---
[2025-06-05 10:36:37] [INFO] [main:110] --- Processing image: ima18.jpg ---
[2025-06-05 10:36:37] [INFO] [main:114] Step 1: Loading and Preprocessing...
[2025-06-05 10:36:37] [INFO] [image_processing:100] Image 'ima18.jpg' loaded successfully.
[2025-06-05 10:36:37] [INFO] [main:122] Step 2: Locating Fiber Structure...
[2025-06-05 10:36:37] [WARNING] [image_processing:237] HoughCircles failed to detect cladding. Attempting contour fitting fallback.
[2025-06-05 10:36:37] [ERROR] [image_processing:278] Contour fitting failed: No contours found after adaptive thresholding.
[2025-06-05 10:36:37] [ERROR] [main:125] Failed to localize fiber structure in ima18.jpg. Skipping.
[2025-06-05 10:36:37] [INFO] [main:338] --- Starting image 3/6: ima19.jpg ---
[2025-06-05 10:36:37] [INFO] [main:110] --- Processing image: ima19.jpg ---
[2025-06-05 10:36:37] [INFO] [main:114] Step 1: Loading and Preprocessing...
[2025-06-05 10:36:37] [INFO] [image_processing:100] Image 'ima19.jpg' loaded successfully.
[2025-06-05 10:36:37] [INFO] [main:122] Step 2: Locating Fiber Structure...
[2025-06-05 10:36:37] [WARNING] [image_processing:237] HoughCircles failed to detect cladding. Attempting contour fitting fallback.
[2025-06-05 10:36:37] [ERROR] [image_processing:278] Contour fitting failed: No contours found after adaptive thresholding.
[2025-06-05 10:36:37] [ERROR] [main:125] Failed to localize fiber structure in ima19.jpg. Skipping.
[2025-06-05 10:36:37] [INFO] [main:338] --- Starting image 4/6: img35.jpg ---
[2025-06-05 10:36:37] [INFO] [main:110] --- Processing image: img35.jpg ---
[2025-06-05 10:36:37] [INFO] [main:114] Step 1: Loading and Preprocessing...
[2025-06-05 10:36:37] [INFO] [image_processing:100] Image 'img35.jpg' loaded successfully.
[2025-06-05 10:36:37] [INFO] [main:122] Step 2: Locating Fiber Structure...
[2025-06-05 10:36:37] [WARNING] [image_processing:237] HoughCircles failed to detect cladding. Attempting contour fitting fallback.
[2025-06-05 10:36:37] [ERROR] [image_processing:278] Contour fitting failed: No contours found after adaptive thresholding.
[2025-06-05 10:36:37] [ERROR] [main:125] Failed to localize fiber structure in img35.jpg. Skipping.
[2025-06-05 10:36:37] [INFO] [main:338] --- Starting image 5/6: img38.jpg ---
[2025-06-05 10:36:37] [INFO] [main:110] --- Processing image: img38.jpg ---
[2025-06-05 10:36:37] [INFO] [main:114] Step 1: Loading and Preprocessing...
[2025-06-05 10:36:37] [INFO] [image_processing:100] Image 'img38.jpg' loaded successfully.
[2025-06-05 10:36:37] [INFO] [main:122] Step 2: Locating Fiber Structure...
[2025-06-05 10:36:37] [WARNING] [image_processing:237] HoughCircles failed to detect cladding. Attempting contour fitting fallback.
[2025-06-05 10:36:37] [ERROR] [image_processing:278] Contour fitting failed: No contours found after adaptive thresholding.
[2025-06-05 10:36:37] [ERROR] [main:125] Failed to localize fiber structure in img38.jpg. Skipping.
[2025-06-05 10:36:37] [INFO] [main:338] --- Starting image 6/6: img63.jpg ---
[2025-06-05 10:36:37] [INFO] [main:110] --- Processing image: img63.jpg ---
[2025-06-05 10:36:37] [INFO] [main:114] Step 1: Loading and Preprocessing...
[2025-06-05 10:36:37] [INFO] [image_processing:100] Image 'img63.jpg' loaded successfully.
[2025-06-05 10:36:37] [INFO] [main:122] Step 2: Locating Fiber Structure...
[2025-06-05 10:36:37] [WARNING] [image_processing:237] HoughCircles failed to detect cladding. Attempting contour fitting fallback.
[2025-06-05 10:36:37] [ERROR] [image_processing:278] Contour fitting failed: No contours found after adaptive thresholding.
[2025-06-05 10:36:37] [ERROR] [main:125] Failed to localize fiber structure in img63.jpg. Skipping.
[2025-06-05 10:36:37] [INFO] [main:373] Batch summary report saved to: C:\Users\Saem1001\Documents\GitHub\OpenCV-Practice\output\run_20250605_103637\batch_summary_report.csv
[2025-06-05 10:36:37] [INFO] [main:380] --- D-Scope Blink: Batch Processing Complete ---
[2025-06-05 10:36:37] [INFO] [main:381] Total images processed: 6
[2025-06-05 10:36:37] [INFO] [main:382] Total batch duration: 0.42 seconds.
[2025-06-05 10:36:37] [INFO] [main:383] All reports for this run saved in: C:\Users\Saem1001\Documents\GitHub\OpenCV-Practice\output\run_20250605_103637
