[2025-06-10 15:18:51] [INFO] [main:204] Logging configured. Level: INFO. Log file: /home/jarvis/Documents/GitHub/OpenCV-Practice/output/run_20250610_151851/logs/inspection_20250610_151851.log
[2025-06-10 15:18:51] [INFO] [main:555] Inspection System Started.
[2025-06-10 15:18:51] [INFO] [main:556] Configuration loaded from: /home/jarvis/Documents/GitHub/OpenCV-Practice/config.json
[2025-06-10 15:18:51] [INFO] [main:557] Results will be saved to: /home/jarvis/Documents/GitHub/OpenCV-Practice/output/run_20250610_151851
[2025-06-10 15:18:51] [INFO] [main:565] Using processing profile: 'deep_inspection'
[2025-06-10 15:18:51] [INFO] [calibration:257] Calibration data loaded successfully from '/home/jarvis/Documents/GitHub/OpenCV-Practice/calibration.json'.
[2025-06-10 15:18:51] [INFO] [main:575] No calibration data; using default or user-provided scale factors.
[2025-06-10 15:18:51] [INFO] [main:581] Using fiber type rules: 'single_mode_pc'
[2025-06-10 15:18:51] [INFO] [main:611] Found 1 image(s) to process.
[2025-06-10 15:18:51] [INFO] [main:615] --- Starting Batch Processing ---
[2025-06-10 15:18:51] [INFO] [main:485] Using sequential processing
[2025-06-10 15:18:51] [INFO] [main:490] --- Starting image 1/1: ima12.jpg ---
[2025-06-10 15:18:51] [INFO] [main:221] --- Processing image: ima12.jpg ---
[2025-06-10 15:18:51] [INFO] [main:228] Step 1: Loading and Preprocessing...
[2025-06-10 15:18:51] [INFO] [image_processing:115] Image 'ima12.jpg' loaded successfully.
[2025-06-10 15:18:51] [INFO] [main:249] Step 2: Locating Fiber Structure...
[2025-06-10 15:18:51] [INFO] [image_processing:266] Attempting cladding detection using HoughCircles...
[2025-06-10 15:18:51] [INFO] [image_processing:286] Cladding (HoughCircles): Center=(514,376), Radius=143px
[2025-06-10 15:18:51] [INFO] [image_processing:350] Starting enhanced core detection...
[2025-06-10 15:18:51] [INFO] [image_processing:372] Core detected: Center=(514,376), Radius=114.0px
[2025-06-10 15:18:51] [INFO] [main:304] Step 3: Generating Zone Masks...
[2025-06-10 15:18:51] [INFO] [image_processing:442] Generated zone masks - Core radius: 128.3px, Cladding radius: 160.9px
[2025-06-10 15:18:51] [INFO] [main:339] Step 4: Detecting Defects...
[2025-06-10 15:18:53] [INFO] [main:373] Total defects detected across all zones: 2
[2025-06-10 15:18:53] [INFO] [main:376] Step 5: Characterizing and Classifying Defects...
[2025-06-10 15:18:53] [INFO] [analysis:218] Characterized 2 defects from 2 detected regions
[2025-06-10 15:18:53] [INFO] [main:383] Step 6: Applying Pass/Fail Rules...
[2025-06-10 15:18:53] [WARNING] [analysis:378] FAIL: Zone 'Core' pit/dig count exceeded
[2025-06-10 15:18:53] [WARNING] [analysis:415] Pass/Fail Evaluation for 'single_mode_pc': FAIL - 1 reason(s)
[2025-06-10 15:18:53] [INFO] [main:389] Step 7: Generating Reports...
[2025-06-10 15:18:53] [ERROR] [main:434] Error processing ima12.jpg: generate_annotated_image() takes from 6 to 7 positional arguments but 8 were given
[2025-06-10 15:18:53] [INFO] [main:628] Batch summary report saved to: /home/jarvis/Documents/GitHub/OpenCV-Practice/output/run_20250610_151851/batch_summary_report.csv
[2025-06-10 15:18:53] [INFO] [main:635] Batch Processing Complete ---
[2025-06-10 15:18:53] [INFO] [main:636] Total images processed: 1
[2025-06-10 15:18:53] [INFO] [main:637] Total batch duration: 1.84 seconds.
[2025-06-10 15:18:53] [INFO] [main:638] All reports for this run saved in: /home/jarvis/Documents/GitHub/OpenCV-Practice/output/run_20250610_151851
